[0.237s] DEBUG:colcon:Command line arguments: ['/home/haolei/miniconda3/bin/colcon', 'build']
[0.237s] DEBUG:colcon:Parsed command line arguments: Namespace(log_base=None, log_level=None, verb_name='build', build_base='build', install_base='install', merge_install=False, symlink_install=False, test_result_base=None, continue_on_error=False, executor='parallel', parallel_workers=8, event_handlers=None, ignore_user_meta=False, metas=['./colcon.meta'], base_paths=['.'], packages_ignore=None, packages_ignore_regex=None, paths=None, packages_up_to=None, packages_up_to_regex=None, packages_above=None, packages_above_and_dependencies=None, packages_above_depth=None, packages_select_by_dep=None, packages_skip_by_dep=None, packages_skip_up_to=None, packages_select_build_failed=False, packages_skip_build_finished=False, packages_select_test_failures=False, packages_skip_test_passed=False, packages_select=None, packages_skip=None, packages_select_regex=None, packages_skip_regex=None, packages_start=None, packages_end=None, cmake_args=None, cmake_target=None, cmake_target_skip_unavailable=False, cmake_clean_cache=False, cmake_clean_first=False, cmake_force_configure=False, ament_cmake_args=None, catkin_cmake_args=None, catkin_skip_building_tests=False, verb_parser=<colcon_defaults.argument_parser.defaults.DefaultArgumentsDecorator object at 0x738113930130>, verb_extension=<colcon_core.verb.build.BuildVerb object at 0x738113a7b6d0>, main=<bound method BuildVerb.main of <colcon_core.verb.build.BuildVerb object at 0x738113a7b6d0>>)
[0.287s] Level 1:colcon.colcon_core.package_discovery:discover_packages(colcon_meta) check parameters
[0.287s] Level 1:colcon.colcon_core.package_discovery:discover_packages(recursive) check parameters
[0.287s] Level 1:colcon.colcon_core.package_discovery:discover_packages(ignore) check parameters
[0.288s] Level 1:colcon.colcon_core.package_discovery:discover_packages(path) check parameters
[0.288s] Level 1:colcon.colcon_core.package_discovery:discover_packages(colcon_meta) discover
[0.288s] Level 1:colcon.colcon_core.package_discovery:discover_packages(recursive) discover
[0.288s] INFO:colcon.colcon_core.package_discovery:Crawling recursively for packages in '/home/haolei/code/ros2bag_reading'
[0.288s] Level 1:colcon.colcon_core.package_identification:_identify(.) by extensions ['ignore', 'ignore_ament_install']
[0.288s] Level 1:colcon.colcon_core.package_identification:_identify(.) by extension 'ignore'
[0.288s] Level 1:colcon.colcon_core.package_identification:_identify(.) by extension 'ignore_ament_install'
[0.288s] Level 1:colcon.colcon_core.package_identification:_identify(.) by extensions ['colcon_pkg']
[0.288s] Level 1:colcon.colcon_core.package_identification:_identify(.) by extension 'colcon_pkg'
[0.288s] Level 1:colcon.colcon_core.package_identification:_identify(.) by extensions ['colcon_meta']
[0.288s] Level 1:colcon.colcon_core.package_identification:_identify(.) by extension 'colcon_meta'
[0.288s] Level 1:colcon.colcon_core.package_identification:_identify(.) by extensions ['ros']
[0.288s] Level 1:colcon.colcon_core.package_identification:_identify(.) by extension 'ros'
[0.314s] Level 1:colcon.colcon_core.package_identification:_identify(.) by extensions ['cmake', 'python']
[0.314s] Level 1:colcon.colcon_core.package_identification:_identify(.) by extension 'cmake'
[0.314s] Level 1:colcon.colcon_core.package_identification:_identify(.) by extension 'python'
[0.314s] Level 1:colcon.colcon_core.package_identification:_identify(.) by extensions ['python_setup_py']
[0.314s] Level 1:colcon.colcon_core.package_identification:_identify(.) by extension 'python_setup_py'
[0.315s] Level 1:colcon.colcon_core.package_identification:_identify(build) by extensions ['ignore', 'ignore_ament_install']
[0.315s] Level 1:colcon.colcon_core.package_identification:_identify(build) by extension 'ignore'
[0.315s] Level 1:colcon.colcon_core.package_identification:_identify(build) ignored
[0.315s] Level 1:colcon.colcon_core.package_identification:_identify(install) by extensions ['ignore', 'ignore_ament_install']
[0.315s] Level 1:colcon.colcon_core.package_identification:_identify(install) by extension 'ignore'
[0.315s] Level 1:colcon.colcon_core.package_identification:_identify(install) ignored
[0.316s] Level 1:colcon.colcon_core.package_identification:_identify(log) by extensions ['ignore', 'ignore_ament_install']
[0.316s] Level 1:colcon.colcon_core.package_identification:_identify(log) by extension 'ignore'
[0.316s] Level 1:colcon.colcon_core.package_identification:_identify(log) ignored
[0.316s] Level 1:colcon.colcon_core.package_identification:_identify(src) by extensions ['ignore', 'ignore_ament_install']
[0.316s] Level 1:colcon.colcon_core.package_identification:_identify(src) by extension 'ignore'
[0.316s] Level 1:colcon.colcon_core.package_identification:_identify(src) by extension 'ignore_ament_install'
[0.316s] Level 1:colcon.colcon_core.package_identification:_identify(src) by extensions ['colcon_pkg']
[0.316s] Level 1:colcon.colcon_core.package_identification:_identify(src) by extension 'colcon_pkg'
[0.316s] Level 1:colcon.colcon_core.package_identification:_identify(src) by extensions ['colcon_meta']
[0.316s] Level 1:colcon.colcon_core.package_identification:_identify(src) by extension 'colcon_meta'
[0.316s] Level 1:colcon.colcon_core.package_identification:_identify(src) by extensions ['ros']
[0.316s] Level 1:colcon.colcon_core.package_identification:_identify(src) by extension 'ros'
[0.319s] DEBUG:colcon.colcon_core.package_identification:Package 'src' with type 'ros.ament_cmake' and name 'bag_reading'
[0.320s] Level 1:colcon.colcon_core.package_discovery:discover_packages(recursive) using defaults
[0.320s] Level 1:colcon.colcon_core.package_discovery:discover_packages(ignore) discover
[0.320s] Level 1:colcon.colcon_core.package_discovery:discover_packages(ignore) using defaults
[0.320s] Level 1:colcon.colcon_core.package_discovery:discover_packages(path) discover
[0.320s] Level 1:colcon.colcon_core.package_discovery:discover_packages(path) using defaults
[0.344s] Level 5:colcon.colcon_core.verb:set package 'bag_reading' build argument 'cmake_args' from command line to 'None'
[0.344s] Level 5:colcon.colcon_core.verb:set package 'bag_reading' build argument 'cmake_target' from command line to 'None'
[0.344s] Level 5:colcon.colcon_core.verb:set package 'bag_reading' build argument 'cmake_target_skip_unavailable' from command line to 'False'
[0.344s] Level 5:colcon.colcon_core.verb:set package 'bag_reading' build argument 'cmake_clean_cache' from command line to 'False'
[0.344s] Level 5:colcon.colcon_core.verb:set package 'bag_reading' build argument 'cmake_clean_first' from command line to 'False'
[0.344s] Level 5:colcon.colcon_core.verb:set package 'bag_reading' build argument 'cmake_force_configure' from command line to 'False'
[0.344s] Level 5:colcon.colcon_core.verb:set package 'bag_reading' build argument 'ament_cmake_args' from command line to 'None'
[0.344s] Level 5:colcon.colcon_core.verb:set package 'bag_reading' build argument 'catkin_cmake_args' from command line to 'None'
[0.344s] Level 5:colcon.colcon_core.verb:set package 'bag_reading' build argument 'catkin_skip_building_tests' from command line to 'False'
[0.345s] DEBUG:colcon.colcon_core.verb:Building package 'bag_reading' with the following arguments: {'ament_cmake_args': None, 'build_base': '/home/haolei/code/ros2bag_reading/build/bag_reading', 'catkin_cmake_args': None, 'catkin_skip_building_tests': False, 'cmake_args': None, 'cmake_clean_cache': False, 'cmake_clean_first': False, 'cmake_force_configure': False, 'cmake_target': None, 'cmake_target_skip_unavailable': False, 'install_base': '/home/haolei/code/ros2bag_reading/install/bag_reading', 'merge_install': False, 'path': '/home/haolei/code/ros2bag_reading/src', 'symlink_install': False, 'test_result_base': None}
[0.345s] INFO:colcon.colcon_core.executor:Executing jobs using 'parallel' executor
[0.346s] DEBUG:colcon.colcon_parallel_executor.executor.parallel:run_until_complete
[0.346s] INFO:colcon.colcon_ros.task.ament_cmake.build:Building ROS package in '/home/haolei/code/ros2bag_reading/src' with build type 'ament_cmake'
[0.346s] INFO:colcon.colcon_cmake.task.cmake.build:Building CMake package in '/home/haolei/code/ros2bag_reading/src'
[0.348s] INFO:colcon.colcon_core.plugin_system:Skipping extension 'colcon_core.shell.bat': Not used on non-Windows systems
[0.348s] INFO:colcon.colcon_core.shell:Skip shell extension 'powershell' for command environment: Not usable outside of PowerShell
[0.348s] DEBUG:colcon.colcon_core.shell:Skip shell extension 'dsv' for command environment
[0.364s] DEBUG:colcon.colcon_core.event_handler.log_command:Invoking command in '/home/haolei/code/ros2bag_reading/build/bag_reading': CMAKE_PREFIX_PATH=/opt/ros/humble CONDA_PROMPT_MODIFIER=(base) /usr/bin/cmake --build /home/haolei/code/ros2bag_reading/build/bag_reading -- -j8 -l8
[10.839s] DEBUG:colcon.colcon_core.event_handler.log_command:Invoked command in '/home/haolei/code/ros2bag_reading/build/bag_reading' returned '0': CMAKE_PREFIX_PATH=/opt/ros/humble CONDA_PROMPT_MODIFIER=(base) /usr/bin/cmake --build /home/haolei/code/ros2bag_reading/build/bag_reading -- -j8 -l8
[10.886s] DEBUG:colcon.colcon_core.event_handler.log_command:Invoking command in '/home/haolei/code/ros2bag_reading/build/bag_reading': CMAKE_PREFIX_PATH=/opt/ros/humble CONDA_PROMPT_MODIFIER=(base) /usr/bin/cmake --install /home/haolei/code/ros2bag_reading/build/bag_reading
[10.896s] Level 1:colcon.colcon_core.environment:create_environment_scripts_only(bag_reading)
[10.897s] DEBUG:colcon.colcon_core.event_handler.log_command:Invoked command in '/home/haolei/code/ros2bag_reading/build/bag_reading' returned '0': CMAKE_PREFIX_PATH=/opt/ros/humble CONDA_PROMPT_MODIFIER=(base) /usr/bin/cmake --install /home/haolei/code/ros2bag_reading/build/bag_reading
[10.899s] Level 1:colcon.colcon_core.environment:checking '/home/haolei/code/ros2bag_reading/install/bag_reading' for CMake module files
[10.900s] Level 1:colcon.colcon_core.environment:checking '/home/haolei/code/ros2bag_reading/install/bag_reading' for CMake config files
[10.900s] Level 1:colcon.colcon_core.shell:create_environment_hook('bag_reading', 'cmake_prefix_path')
[10.900s] INFO:colcon.colcon_core.shell:Creating environment hook '/home/haolei/code/ros2bag_reading/install/bag_reading/share/bag_reading/hook/cmake_prefix_path.ps1'
[10.901s] INFO:colcon.colcon_core.shell:Creating environment descriptor '/home/haolei/code/ros2bag_reading/install/bag_reading/share/bag_reading/hook/cmake_prefix_path.dsv'
[10.902s] INFO:colcon.colcon_core.shell:Creating environment hook '/home/haolei/code/ros2bag_reading/install/bag_reading/share/bag_reading/hook/cmake_prefix_path.sh'
[10.902s] Level 1:colcon.colcon_core.environment:checking '/home/haolei/code/ros2bag_reading/install/bag_reading/lib'
[10.903s] Level 1:colcon.colcon_core.environment:checking '/home/haolei/code/ros2bag_reading/install/bag_reading/bin'
[10.903s] Level 1:colcon.colcon_core.environment:checking '/home/haolei/code/ros2bag_reading/install/bag_reading/lib/pkgconfig/bag_reading.pc'
[10.904s] Level 1:colcon.colcon_core.environment:checking '/home/haolei/code/ros2bag_reading/install/bag_reading/lib/python3.9/site-packages'
[10.905s] Level 1:colcon.colcon_core.environment:checking '/home/haolei/code/ros2bag_reading/install/bag_reading/bin'
[10.905s] INFO:colcon.colcon_core.shell:Creating package script '/home/haolei/code/ros2bag_reading/install/bag_reading/share/bag_reading/package.ps1'
[10.906s] INFO:colcon.colcon_core.shell:Creating package descriptor '/home/haolei/code/ros2bag_reading/install/bag_reading/share/bag_reading/package.dsv'
[10.907s] INFO:colcon.colcon_core.shell:Creating package script '/home/haolei/code/ros2bag_reading/install/bag_reading/share/bag_reading/package.sh'
[10.908s] INFO:colcon.colcon_core.shell:Creating package script '/home/haolei/code/ros2bag_reading/install/bag_reading/share/bag_reading/package.bash'
[10.908s] INFO:colcon.colcon_core.shell:Creating package script '/home/haolei/code/ros2bag_reading/install/bag_reading/share/bag_reading/package.zsh'
[10.909s] Level 1:colcon.colcon_core.environment:create_file_with_runtime_dependencies(/home/haolei/code/ros2bag_reading/install/bag_reading/share/colcon-core/packages/bag_reading)
[10.944s] Level 1:colcon.colcon_core.environment:create_environment_scripts_only(bag_reading)
[10.944s] Level 1:colcon.colcon_core.environment:checking '/home/haolei/code/ros2bag_reading/install/bag_reading' for CMake module files
[10.944s] Level 1:colcon.colcon_core.environment:checking '/home/haolei/code/ros2bag_reading/install/bag_reading' for CMake config files
[10.945s] Level 1:colcon.colcon_core.shell:create_environment_hook('bag_reading', 'cmake_prefix_path')
[10.945s] INFO:colcon.colcon_core.shell:Creating environment hook '/home/haolei/code/ros2bag_reading/install/bag_reading/share/bag_reading/hook/cmake_prefix_path.ps1'
[10.945s] INFO:colcon.colcon_core.shell:Creating environment descriptor '/home/haolei/code/ros2bag_reading/install/bag_reading/share/bag_reading/hook/cmake_prefix_path.dsv'
[10.946s] INFO:colcon.colcon_core.shell:Creating environment hook '/home/haolei/code/ros2bag_reading/install/bag_reading/share/bag_reading/hook/cmake_prefix_path.sh'
[10.946s] Level 1:colcon.colcon_core.environment:checking '/home/haolei/code/ros2bag_reading/install/bag_reading/lib'
[10.946s] Level 1:colcon.colcon_core.environment:checking '/home/haolei/code/ros2bag_reading/install/bag_reading/bin'
[10.946s] Level 1:colcon.colcon_core.environment:checking '/home/haolei/code/ros2bag_reading/install/bag_reading/lib/pkgconfig/bag_reading.pc'
[10.947s] Level 1:colcon.colcon_core.environment:checking '/home/haolei/code/ros2bag_reading/install/bag_reading/lib/python3.9/site-packages'
[10.947s] Level 1:colcon.colcon_core.environment:checking '/home/haolei/code/ros2bag_reading/install/bag_reading/bin'
[10.947s] INFO:colcon.colcon_core.shell:Creating package script '/home/haolei/code/ros2bag_reading/install/bag_reading/share/bag_reading/package.ps1'
[10.948s] INFO:colcon.colcon_core.shell:Creating package descriptor '/home/haolei/code/ros2bag_reading/install/bag_reading/share/bag_reading/package.dsv'
[10.948s] INFO:colcon.colcon_core.shell:Creating package script '/home/haolei/code/ros2bag_reading/install/bag_reading/share/bag_reading/package.sh'
[10.949s] INFO:colcon.colcon_core.shell:Creating package script '/home/haolei/code/ros2bag_reading/install/bag_reading/share/bag_reading/package.bash'
[10.949s] INFO:colcon.colcon_core.shell:Creating package script '/home/haolei/code/ros2bag_reading/install/bag_reading/share/bag_reading/package.zsh'
[10.950s] Level 1:colcon.colcon_core.environment:create_file_with_runtime_dependencies(/home/haolei/code/ros2bag_reading/install/bag_reading/share/colcon-core/packages/bag_reading)
[10.950s] DEBUG:colcon.colcon_parallel_executor.executor.parallel:closing loop
[10.950s] DEBUG:colcon.colcon_parallel_executor.executor.parallel:loop closed
[10.950s] DEBUG:colcon.colcon_parallel_executor.executor.parallel:run_until_complete finished with '0'
[10.950s] DEBUG:colcon.colcon_core.event_reactor:joining thread
[10.952s] INFO:colcon.colcon_core.plugin_system:Skipping extension 'colcon_notification.desktop_notification.notify2': 'notify2' not found
[10.953s] INFO:colcon.colcon_core.plugin_system:Skipping extension 'colcon_notification.desktop_notification.terminal_notifier': Not used on non-Darwin systems
[10.953s] INFO:colcon.colcon_core.plugin_system:Skipping extension 'colcon_notification.desktop_notification.win32': Not used on non-Windows systems
[10.953s] INFO:colcon.colcon_notification.desktop_notification:Sending desktop notification using 'notify_send'
[10.973s] DEBUG:colcon.colcon_core.event_reactor:joined thread
[10.974s] INFO:colcon.colcon_core.shell:Creating prefix script '/home/haolei/code/ros2bag_reading/install/local_setup.ps1'
[10.977s] INFO:colcon.colcon_core.shell:Creating prefix util module '/home/haolei/code/ros2bag_reading/install/_local_setup_util_ps1.py'
[10.980s] INFO:colcon.colcon_core.shell:Creating prefix chain script '/home/haolei/code/ros2bag_reading/install/setup.ps1'
[10.981s] INFO:colcon.colcon_core.shell:Creating prefix script '/home/haolei/code/ros2bag_reading/install/local_setup.sh'
[10.982s] INFO:colcon.colcon_core.shell:Creating prefix util module '/home/haolei/code/ros2bag_reading/install/_local_setup_util_sh.py'
[10.983s] INFO:colcon.colcon_core.shell:Creating prefix chain script '/home/haolei/code/ros2bag_reading/install/setup.sh'
[10.984s] INFO:colcon.colcon_core.shell:Creating prefix script '/home/haolei/code/ros2bag_reading/install/local_setup.bash'
[10.984s] INFO:colcon.colcon_core.shell:Creating prefix chain script '/home/haolei/code/ros2bag_reading/install/setup.bash'
[10.986s] INFO:colcon.colcon_core.shell:Creating prefix script '/home/haolei/code/ros2bag_reading/install/local_setup.zsh'
[10.987s] INFO:colcon.colcon_core.shell:Creating prefix chain script '/home/haolei/code/ros2bag_reading/install/setup.zsh'
