[0.013s] Invoking command in '/home/haolei/code/ros2bag_reading/build/bag_reading': CMAKE_PREFIX_PATH=/opt/ros/humble CONDA_PROMPT_MODIFIER=(base) /usr/bin/cmake --build /home/haolei/code/ros2bag_reading/build/bag_reading -- -j8 -l8
[0.061s] [35m[1mConsolidate compiler generated dependencies of target bag_reading_node[0m
[0.085s] [ 50%] [32mBuilding CXX object CMakeFiles/bag_reading_node.dir/src/bag_reader.cpp.o[0m
[6.899s] /home/haolei/code/ros2bag_reading/src/src/bag_reader.cpp: In instantiation of ‘[01m[Kvoid PlaybackNode::write_pointcloud(S, double) [with S = sensor_msgs::msg::Image_<std::allocator<void> >][m[K’:
[6.899s] [01m[K/home/haolei/code/ros2bag_reading/src/src/bag_reader.cpp:73:21:[m[K   required from ‘[01m[Kvoid PlaybackNode::save(rclcpp::SerializedMessage, std::string) [with SP = std::shared_ptr<sensor_msgs::msg::Image_<std::allocator<void> > >; S = sensor_msgs::msg::Image_<std::allocator<void> >; std::string = std::__cxx11::basic_string<char>][m[K’
[6.899s] [01m[K/home/haolei/code/ros2bag_reading/src/src/bag_reader.cpp:118:76:[m[K   required from here
[6.899s] [01m[K/home/haolei/code/ros2bag_reading/src/src/bag_reader.cpp:51:18:[m[K [01;31m[Kerror: [m[Kno matching function for call to ‘[01m[KfromROSMsg(sensor_msgs::msg::Image_<std::allocator<void> >&, std::__shared_ptr_access<pcl::PointCloud<pcl::PointXYZI>, __gnu_cxx::_S_atomic, false, false>::element_type&)[m[K’
[6.899s]    51 |   [01;31m[Kpcl::fromROSMsg(data, *pc)[m[K;
[6.899s]       |   [01;31m[K~~~~~~~~~~~~~~~^~~~~~~~~~~[m[K
[6.899s] In file included from [01m[K/home/haolei/code/ros2bag_reading/src/include/bag_reading/bag_reading.hpp:12[m[K,
[6.899s]                  from [01m[K/home/haolei/code/ros2bag_reading/src/src/bag_reader.cpp:1[m[K:
[6.899s] [01m[K/opt/ros/humble/include/pcl_conversions/pcl_conversions/pcl_conversions.h:568:8:[m[K [01;36m[Knote: [m[Kcandidate: ‘[01m[Ktemplate<class T> void pcl::fromROSMsg(const PointCloud2&, pcl::PointCloud<PointT>&)[m[K’
[6.900s]   568 |   void [01;36m[KfromROSMsg[m[K(const sensor_msgs::msg::PointCloud2 &cloud, pcl::PointCloud<T> &pcl_cloud)
[6.900s]       |        [01;36m[K^~~~~~~~~~[m[K
[6.900s] [01m[K/opt/ros/humble/include/pcl_conversions/pcl_conversions/pcl_conversions.h:568:8:[m[K [01;36m[Knote: [m[K  template argument deduction/substitution failed:
[6.900s] [01m[K/home/haolei/code/ros2bag_reading/src/src/bag_reader.cpp:51:19:[m[K [01;36m[Knote: [m[K  cannot convert ‘[01m[Kdata[m[K’ (type ‘[01m[Ksensor_msgs::msg::Image_<std::allocator<void> >[m[K’) to type ‘[01m[Kconst PointCloud2&[m[K’ {aka ‘[01m[Kconst sensor_msgs::msg::PointCloud2_<std::allocator<void> >&[m[K’}
[6.900s]    51 |   pcl::fromROSMsg([01;36m[Kdata[m[K, *pc);
[6.900s]       |                   [01;36m[K^~~~[m[K
[7.612s] gmake[2]: *** [CMakeFiles/bag_reading_node.dir/build.make:76: CMakeFiles/bag_reading_node.dir/src/bag_reader.cpp.o] Error 1
[7.612s] gmake[1]: *** [CMakeFiles/Makefile2:137: CMakeFiles/bag_reading_node.dir/all] Error 2
[7.612s] gmake: *** [Makefile:146: all] Error 2
[7.614s] Invoked command in '/home/haolei/code/ros2bag_reading/build/bag_reading' returned '2': CMAKE_PREFIX_PATH=/opt/ros/humble CONDA_PROMPT_MODIFIER=(base) /usr/bin/cmake --build /home/haolei/code/ros2bag_reading/build/bag_reading -- -j8 -l8
