[0.017s] Invoking command in '/home/haolei/code/ros2bag_reading/build/bag_reading': CMAKE_PREFIX_PATH=${CMAKE_PREFIX_PATH}:/opt/ros/humble CONDA_PROMPT_MODIFIER=(base) /usr/bin/cmake --build /home/haolei/code/ros2bag_reading/build/bag_reading -- -j8 -l8
[0.062s] [35m[1mConsolidate compiler generated dependencies of target bag_reading_node[0m
[0.087s] [ 50%] [32mBuilding CXX object CMakeFiles/bag_reading_node.dir/src/bag_reader.cpp.o[0m
[6.709s] /home/haolei/code/ros2bag_reading/src/src/bag_reader.cpp: In instantiation of ‘[01m[Kvoid PlaybackNode::save(rclcpp::SerializedMessage, std::string) [with SP = std::shared_ptr<sensor_msgs::msg::Image_<std::allocator<void> > >; S = sensor_msgs::msg::Image_<std::allocator<void> >; std::string = std::__cxx11::basic_string<char>][m[K’:
[6.709s] [01m[K/home/haolei/code/ros2bag_reading/src/src/bag_reader.cpp:120:76:[m[K   required from here
[6.709s] [01m[K/home/haolei/code/ros2bag_reading/src/src/bag_reader.cpp:61:79:[m[K [01;35m[Kwarning: [m[Kunused parameter ‘[01m[Ktopic[m[K’ [[01;35m[K]8;;https://gcc.gnu.org/onlinedocs/gcc/Warning-Options.html#index-Wunused-parameter-Wunused-parameter]8;;[m[K]
[6.709s]    61 | void PlaybackNode::save(rclcpp::SerializedMessage serialized_msg, [01;35m[Kstd::string topic[m[K) {
[6.710s]       |                                                                   [01;35m[K~~~~~~~~~~~~^~~~~[m[K
[6.710s] /home/haolei/code/ros2bag_reading/src/src/bag_reader.cpp: In instantiation of ‘[01m[Kvoid PlaybackNode::save(rclcpp::SerializedMessage, std::string) [with SP = std::shared_ptr<sensor_msgs::msg::PointCloud2_<std::allocator<void> > >; S = sensor_msgs::msg::PointCloud2_<std::allocator<void> >; std::string = std::__cxx11::basic_string<char>][m[K’:
[6.710s] [01m[K/home/haolei/code/ros2bag_reading/src/src/bag_reader.cpp:125:88:[m[K   required from here
[6.710s] [01m[K/home/haolei/code/ros2bag_reading/src/src/bag_reader.cpp:61:79:[m[K [01;35m[Kwarning: [m[Kunused parameter ‘[01m[Ktopic[m[K’ [[01;35m[K]8;;https://gcc.gnu.org/onlinedocs/gcc/Warning-Options.html#index-Wunused-parameter-Wunused-parameter]8;;[m[K]
[8.880s] [100%] [32m[1mLinking CXX executable bag_reading_node[0m
[9.675s] [100%] Built target bag_reading_node
[9.687s] Invoked command in '/home/haolei/code/ros2bag_reading/build/bag_reading' returned '0': CMAKE_PREFIX_PATH=${CMAKE_PREFIX_PATH}:/opt/ros/humble CONDA_PROMPT_MODIFIER=(base) /usr/bin/cmake --build /home/haolei/code/ros2bag_reading/build/bag_reading -- -j8 -l8
[9.735s] Invoking command in '/home/haolei/code/ros2bag_reading/build/bag_reading': CMAKE_PREFIX_PATH=${CMAKE_PREFIX_PATH}:/opt/ros/humble CONDA_PROMPT_MODIFIER=(base) /usr/bin/cmake --install /home/haolei/code/ros2bag_reading/build/bag_reading
[9.743s] -- Install configuration: ""
[9.743s] -- Installing: /home/haolei/code/ros2bag_reading/install/bag_reading/lib/bag_reading/bag_reading_node
[9.744s] -- Set runtime path of "/home/haolei/code/ros2bag_reading/install/bag_reading/lib/bag_reading/bag_reading_node" to ""
[9.745s] -- Up-to-date: /home/haolei/code/ros2bag_reading/install/bag_reading/share/bag_reading//launch
[9.745s] -- Up-to-date: /home/haolei/code/ros2bag_reading/install/bag_reading/share/bag_reading//launch/bag_reading_launch.py
[9.745s] -- Up-to-date: /home/haolei/code/ros2bag_reading/install/bag_reading/share/bag_reading//config
[9.745s] -- Up-to-date: /home/haolei/code/ros2bag_reading/install/bag_reading/share/bag_reading//config/params.yaml
[9.745s] -- Up-to-date: /home/haolei/code/ros2bag_reading/install/bag_reading/share/ament_index/resource_index/package_run_dependencies/bag_reading
[9.745s] -- Up-to-date: /home/haolei/code/ros2bag_reading/install/bag_reading/share/ament_index/resource_index/parent_prefix_path/bag_reading
[9.745s] -- Up-to-date: /home/haolei/code/ros2bag_reading/install/bag_reading/share/bag_reading/environment/ament_prefix_path.sh
[9.745s] -- Up-to-date: /home/haolei/code/ros2bag_reading/install/bag_reading/share/bag_reading/environment/ament_prefix_path.dsv
[9.746s] -- Up-to-date: /home/haolei/code/ros2bag_reading/install/bag_reading/share/bag_reading/environment/path.sh
[9.746s] -- Up-to-date: /home/haolei/code/ros2bag_reading/install/bag_reading/share/bag_reading/environment/path.dsv
[9.746s] -- Up-to-date: /home/haolei/code/ros2bag_reading/install/bag_reading/share/bag_reading/local_setup.bash
[9.746s] -- Up-to-date: /home/haolei/code/ros2bag_reading/install/bag_reading/share/bag_reading/local_setup.sh
[9.746s] -- Up-to-date: /home/haolei/code/ros2bag_reading/install/bag_reading/share/bag_reading/local_setup.zsh
[9.746s] -- Up-to-date: /home/haolei/code/ros2bag_reading/install/bag_reading/share/bag_reading/local_setup.dsv
[9.746s] -- Installing: /home/haolei/code/ros2bag_reading/install/bag_reading/share/bag_reading/package.dsv
[9.746s] -- Up-to-date: /home/haolei/code/ros2bag_reading/install/bag_reading/share/ament_index/resource_index/packages/bag_reading
[9.746s] -- Up-to-date: /home/haolei/code/ros2bag_reading/install/bag_reading/share/bag_reading/cmake/bag_readingConfig.cmake
[9.746s] -- Up-to-date: /home/haolei/code/ros2bag_reading/install/bag_reading/share/bag_reading/cmake/bag_readingConfig-version.cmake
[9.747s] -- Up-to-date: /home/haolei/code/ros2bag_reading/install/bag_reading/share/bag_reading/package.xml
[9.748s] Invoked command in '/home/haolei/code/ros2bag_reading/build/bag_reading' returned '0': CMAKE_PREFIX_PATH=${CMAKE_PREFIX_PATH}:/opt/ros/humble CONDA_PROMPT_MODIFIER=(base) /usr/bin/cmake --install /home/haolei/code/ros2bag_reading/build/bag_reading
