[0.016s] Invoking command in '/home/haolei/code/ros2bag_reading/build/bag_reading': CMAKE_PREFIX_PATH=/opt/ros/humble CONDA_PROMPT_MODIFIER=(base) /usr/bin/cmake --build /home/haolei/code/ros2bag_reading/build/bag_reading -- -j8 -l8
[0.061s] [35m[1mConsolidate compiler generated dependencies of target bag_reading_node[0m
[0.085s] [ 50%] [32mBuilding CXX object CMakeFiles/bag_reading_node.dir/src/bag_reader.cpp.o[0m
[6.646s] /home/haolei/code/ros2bag_reading/src/src/bag_reader.cpp: In instantiation of ‘[01m[Kvoid PlaybackNode::write_image(S) [with S = std::shared_ptr<sensor_msgs::msg::Image_<std::allocator<void> > >][m[K’:
[6.646s] [01m[K/home/haolei/code/ros2bag_reading/src/src/bag_reader.cpp:72:16:[m[K   required from ‘[01m[Kvoid PlaybackNode::save(rclcpp::SerializedMessage, std::string) [with SP = std::shared_ptr<sensor_msgs::msg::Image_<std::allocator<void> > >; S = sensor_msgs::msg::Image_<std::allocator<void> >; std::string = std::__cxx11::basic_string<char>][m[K’
[6.646s] [01m[K/home/haolei/code/ros2bag_reading/src/src/bag_reader.cpp:122:76:[m[K   required from here
[6.646s] [01m[K/home/haolei/code/ros2bag_reading/src/src/bag_reader.cpp:37:5:[m[K [01;31m[Kerror: [m[Kconversion from ‘[01m[Kstd::__shared_ptr<sensor_msgs::msg::Image_<std::allocator<void> >, __gnu_cxx::_S_atomic>::element_type[m[K’ {aka ‘[01m[Ksensor_msgs::msg::Image_<std::allocator<void> >[m[K’} to non-scalar type ‘[01m[Kstd::shared_ptr<sensor_msgs::msg::Image_<std::allocator<void> > >[m[K’ requested
[6.646s]    37 |   S [01;31m[Kdata[m[K = *ros_msg.get();
[6.646s]       |     [01;31m[K^~~~[m[K
[6.653s] /home/haolei/code/ros2bag_reading/src/src/bag_reader.cpp: In instantiation of ‘[01m[Kvoid PlaybackNode::write_pointcloud(S) [with S = std::shared_ptr<sensor_msgs::msg::Image_<std::allocator<void> > >][m[K’:
[6.653s] [01m[K/home/haolei/code/ros2bag_reading/src/src/bag_reader.cpp:75:21:[m[K   required from ‘[01m[Kvoid PlaybackNode::save(rclcpp::SerializedMessage, std::string) [with SP = std::shared_ptr<sensor_msgs::msg::Image_<std::allocator<void> > >; S = sensor_msgs::msg::Image_<std::allocator<void> >; std::string = std::__cxx11::basic_string<char>][m[K’
[6.654s] [01m[K/home/haolei/code/ros2bag_reading/src/src/bag_reader.cpp:122:76:[m[K   required from here
[6.654s] [01m[K/home/haolei/code/ros2bag_reading/src/src/bag_reader.cpp:52:5:[m[K [01;31m[Kerror: [m[Kconversion from ‘[01m[Kstd::__shared_ptr<sensor_msgs::msg::Image_<std::allocator<void> >, __gnu_cxx::_S_atomic>::element_type[m[K’ {aka ‘[01m[Ksensor_msgs::msg::Image_<std::allocator<void> >[m[K’} to non-scalar type ‘[01m[Kstd::shared_ptr<sensor_msgs::msg::Image_<std::allocator<void> > >[m[K’ requested
[6.654s]    52 |   S [01;31m[Kdata[m[K = *ros_msg.get();
[6.654s]       |     [01;31m[K^~~~[m[K
[6.655s] [01m[K/home/haolei/code/ros2bag_reading/src/src/bag_reader.cpp:55:18:[m[K [01;31m[Kerror: [m[Kno matching function for call to ‘[01m[KfromROSMsg(std::shared_ptr<sensor_msgs::msg::Image_<std::allocator<void> > >&, std::__shared_ptr_access<pcl::PointCloud<pcl::PointXYZI>, __gnu_cxx::_S_atomic, false, false>::element_type&)[m[K’
[6.655s]    55 |   [01;31m[Kpcl::fromROSMsg(data, *pc)[m[K;
[6.655s]       |   [01;31m[K~~~~~~~~~~~~~~~^~~~~~~~~~~[m[K
[6.655s] In file included from [01m[K/home/haolei/code/ros2bag_reading/src/include/bag_reading/bag_reading.hpp:11[m[K,
[6.655s]                  from [01m[K/home/haolei/code/ros2bag_reading/src/src/bag_reader.cpp:1[m[K:
[6.655s] [01m[K/opt/ros/humble/include/pcl_conversions/pcl_conversions/pcl_conversions.h:568:8:[m[K [01;36m[Knote: [m[Kcandidate: ‘[01m[Ktemplate<class T> void pcl::fromROSMsg(const PointCloud2&, pcl::PointCloud<PointT>&)[m[K’
[6.655s]   568 |   void [01;36m[KfromROSMsg[m[K(const sensor_msgs::msg::PointCloud2 &cloud, pcl::PointCloud<T> &pcl_cloud)
[6.655s]       |        [01;36m[K^~~~~~~~~~[m[K
[6.655s] [01m[K/opt/ros/humble/include/pcl_conversions/pcl_conversions/pcl_conversions.h:568:8:[m[K [01;36m[Knote: [m[K  template argument deduction/substitution failed:
[6.655s] [01m[K/home/haolei/code/ros2bag_reading/src/src/bag_reader.cpp:55:19:[m[K [01;36m[Knote: [m[K  cannot convert ‘[01m[Kdata[m[K’ (type ‘[01m[Kstd::shared_ptr<sensor_msgs::msg::Image_<std::allocator<void> > >[m[K’) to type ‘[01m[Kconst PointCloud2&[m[K’ {aka ‘[01m[Kconst sensor_msgs::msg::PointCloud2_<std::allocator<void> >&[m[K’}
[6.655s]    55 |   pcl::fromROSMsg([01;36m[Kdata[m[K, *pc);
[6.656s]       |                   [01;36m[K^~~~[m[K
[6.656s] /home/haolei/code/ros2bag_reading/src/src/bag_reader.cpp: In instantiation of ‘[01m[Kvoid PlaybackNode::write_image(S) [with S = std::shared_ptr<sensor_msgs::msg::PointCloud2_<std::allocator<void> > >][m[K’:
[6.656s] [01m[K/home/haolei/code/ros2bag_reading/src/src/bag_reader.cpp:72:16:[m[K   required from ‘[01m[Kvoid PlaybackNode::save(rclcpp::SerializedMessage, std::string) [with SP = std::shared_ptr<sensor_msgs::msg::PointCloud2_<std::allocator<void> > >; S = sensor_msgs::msg::PointCloud2_<std::allocator<void> >; std::string = std::__cxx11::basic_string<char>][m[K’
[6.656s] [01m[K/home/haolei/code/ros2bag_reading/src/src/bag_reader.cpp:127:88:[m[K   required from here
[6.656s] [01m[K/home/haolei/code/ros2bag_reading/src/src/bag_reader.cpp:37:5:[m[K [01;31m[Kerror: [m[Kconversion from ‘[01m[Kstd::__shared_ptr<sensor_msgs::msg::PointCloud2_<std::allocator<void> >, __gnu_cxx::_S_atomic>::element_type[m[K’ {aka ‘[01m[Ksensor_msgs::msg::PointCloud2_<std::allocator<void> >[m[K’} to non-scalar type ‘[01m[Kstd::shared_ptr<sensor_msgs::msg::PointCloud2_<std::allocator<void> > >[m[K’ requested
[6.656s]    37 |   S [01;31m[Kdata[m[K = *ros_msg.get();
[6.656s]       |     [01;31m[K^~~~[m[K
[6.656s] [01m[K/home/haolei/code/ros2bag_reading/src/src/bag_reader.cpp:40:33:[m[K [01;31m[Kerror: [m[Kno matching function for call to ‘[01m[KtoCvCopy(std::shared_ptr<sensor_msgs::msg::PointCloud2_<std::allocator<void> > >&, const char [5])[m[K’
[6.656s]    40 |   cv_image = [01;31m[Kcv_bridge::toCvCopy(data, sensor_msgs::image_encodings::BGR8)[m[K;
[6.656s]       |              [01;31m[K~~~~~~~~~~~~~~~~~~~^~~~~~~~~~~~~~~~~~~~~~~~~~~~~~~~~~~~~~~~~~[m[K
[6.656s] In file included from [01m[K/home/haolei/code/ros2bag_reading/src/include/bag_reading/bag_reading.hpp:12[m[K,
[6.657s]                  from [01m[K/home/haolei/code/ros2bag_reading/src/src/bag_reader.cpp:1[m[K:
[6.657s] [01m[K/opt/ros/humble/include/cv_bridge/cv_bridge/cv_bridge.h:177:29:[m[K [01;36m[Knote: [m[Kcandidate: ‘[01m[Kcv_bridge::CvImagePtr cv_bridge::toCvCopy(const ConstSharedPtr&, const string&)[m[K’
[6.657s]   177 | CV_BRIDGE_EXPORT CvImagePtr [01;36m[KtoCvCopy[m[K(
[6.657s]       |                             [01;36m[K^~~~~~~~[m[K
[6.657s] [01m[K/opt/ros/humble/include/cv_bridge/cv_bridge/cv_bridge.h:178:51:[m[K [01;36m[Knote: [m[K  no known conversion for argument 1 from ‘[01m[Kstd::shared_ptr<sensor_msgs::msg::PointCloud2_<std::allocator<void> > >[m[K’ to ‘[01m[Kconst ConstSharedPtr&[m[K’ {aka ‘[01m[Kconst std::shared_ptr<const sensor_msgs::msg::Image_<std::allocator<void> > >&[m[K’}
[6.657s]   178 |   [01;36m[Kconst sensor_msgs::msg::Image::ConstSharedPtr & source[m[K,
[6.657s]       |   [01;36m[K~~~~~~~~~~~~~~~~~~~~~~~~~~~~~~~~~~~~~~~~~~~~~~~~^~~~~~[m[K
[6.657s] [01m[K/opt/ros/humble/include/cv_bridge/cv_bridge/cv_bridge.h:181:29:[m[K [01;36m[Knote: [m[Kcandidate: ‘[01m[Kcv_bridge::CvImagePtr cv_bridge::toCvCopy(const ConstSharedPtr&, const string&)[m[K’
[6.657s]   181 | CV_BRIDGE_EXPORT CvImagePtr [01;36m[KtoCvCopy[m[K(
[6.658s]       |                             [01;36m[K^~~~~~~~[m[K
[6.658s] [01m[K/opt/ros/humble/include/cv_bridge/cv_bridge/cv_bridge.h:182:61:[m[K [01;36m[Knote: [m[K  no known conversion for argument 1 from ‘[01m[Kstd::shared_ptr<sensor_msgs::msg::PointCloud2_<std::allocator<void> > >[m[K’ to ‘[01m[Kconst ConstSharedPtr&[m[K’ {aka ‘[01m[Kconst std::shared_ptr<const sensor_msgs::msg::CompressedImage_<std::allocator<void> > >&[m[K’}
[6.658s]   182 |   [01;36m[Kconst sensor_msgs::msg::CompressedImage::ConstSharedPtr & source[m[K,
[6.658s]       |   [01;36m[K~~~~~~~~~~~~~~~~~~~~~~~~~~~~~~~~~~~~~~~~~~~~~~~~~~~~~~~~~~^~~~~~[m[K
[6.658s] [01m[K/opt/ros/humble/include/cv_bridge/cv_bridge/cv_bridge.h:204:29:[m[K [01;36m[Knote: [m[Kcandidate: ‘[01m[Kcv_bridge::CvImagePtr cv_bridge::toCvCopy(const Image&, const string&)[m[K’
[6.658s]   204 | CV_BRIDGE_EXPORT CvImagePtr [01;36m[KtoCvCopy[m[K(
[6.658s]       |                             [01;36m[K^~~~~~~~[m[K
[6.658s] [01m[K/opt/ros/humble/include/cv_bridge/cv_bridge/cv_bridge.h:205:35:[m[K [01;36m[Knote: [m[K  no known conversion for argument 1 from ‘[01m[Kstd::shared_ptr<sensor_msgs::msg::PointCloud2_<std::allocator<void> > >[m[K’ to ‘[01m[Kconst Image&[m[K’ {aka ‘[01m[Kconst sensor_msgs::msg::Image_<std::allocator<void> >&[m[K’}
[6.658s]   205 |   [01;36m[Kconst sensor_msgs::msg::Image & source[m[K,
[6.658s]       |   [01;36m[K~~~~~~~~~~~~~~~~~~~~~~~~~~~~~~~~^~~~~~[m[K
[6.658s] [01m[K/opt/ros/humble/include/cv_bridge/cv_bridge/cv_bridge.h:208:29:[m[K [01;36m[Knote: [m[Kcandidate: ‘[01m[Kcv_bridge::CvImagePtr cv_bridge::toCvCopy(const CompressedImage&, const string&)[m[K’
[6.659s]   208 | CV_BRIDGE_EXPORT CvImagePtr [01;36m[KtoCvCopy[m[K(
[6.659s]       |                             [01;36m[K^~~~~~~~[m[K
[6.659s] [01m[K/opt/ros/humble/include/cv_bridge/cv_bridge/cv_bridge.h:209:45:[m[K [01;36m[Knote: [m[K  no known conversion for argument 1 from ‘[01m[Kstd::shared_ptr<sensor_msgs::msg::PointCloud2_<std::allocator<void> > >[m[K’ to ‘[01m[Kconst CompressedImage&[m[K’ {aka ‘[01m[Kconst sensor_msgs::msg::CompressedImage_<std::allocator<void> >&[m[K’}
[6.659s]   209 |   [01;36m[Kconst sensor_msgs::msg::CompressedImage & source[m[K,
[6.659s]       |   [01;36m[K~~~~~~~~~~~~~~~~~~~~~~~~~~~~~~~~~~~~~~~~~~^~~~~~[m[K
[6.659s] /home/haolei/code/ros2bag_reading/src/src/bag_reader.cpp: In instantiation of ‘[01m[Kvoid PlaybackNode::write_pointcloud(S) [with S = std::shared_ptr<sensor_msgs::msg::PointCloud2_<std::allocator<void> > >][m[K’:
[6.659s] [01m[K/home/haolei/code/ros2bag_reading/src/src/bag_reader.cpp:75:21:[m[K   required from ‘[01m[Kvoid PlaybackNode::save(rclcpp::SerializedMessage, std::string) [with SP = std::shared_ptr<sensor_msgs::msg::PointCloud2_<std::allocator<void> > >; S = sensor_msgs::msg::PointCloud2_<std::allocator<void> >; std::string = std::__cxx11::basic_string<char>][m[K’
[6.659s] [01m[K/home/haolei/code/ros2bag_reading/src/src/bag_reader.cpp:127:88:[m[K   required from here
[6.659s] [01m[K/home/haolei/code/ros2bag_reading/src/src/bag_reader.cpp:52:5:[m[K [01;31m[Kerror: [m[Kconversion from ‘[01m[Kstd::__shared_ptr<sensor_msgs::msg::PointCloud2_<std::allocator<void> >, __gnu_cxx::_S_atomic>::element_type[m[K’ {aka ‘[01m[Ksensor_msgs::msg::PointCloud2_<std::allocator<void> >[m[K’} to non-scalar type ‘[01m[Kstd::shared_ptr<sensor_msgs::msg::PointCloud2_<std::allocator<void> > >[m[K’ requested
[6.659s]    52 |   S [01;31m[Kdata[m[K = *ros_msg.get();
[6.659s]       |     [01;31m[K^~~~[m[K
[6.659s] [01m[K/home/haolei/code/ros2bag_reading/src/src/bag_reader.cpp:55:18:[m[K [01;31m[Kerror: [m[Kno matching function for call to ‘[01m[KfromROSMsg(std::shared_ptr<sensor_msgs::msg::PointCloud2_<std::allocator<void> > >&, std::__shared_ptr_access<pcl::PointCloud<pcl::PointXYZI>, __gnu_cxx::_S_atomic, false, false>::element_type&)[m[K’
[6.659s]    55 |   [01;31m[Kpcl::fromROSMsg(data, *pc)[m[K;
[6.659s]       |   [01;31m[K~~~~~~~~~~~~~~~^~~~~~~~~~~[m[K
[6.659s] In file included from [01m[K/home/haolei/code/ros2bag_reading/src/include/bag_reading/bag_reading.hpp:11[m[K,
[6.659s]                  from [01m[K/home/haolei/code/ros2bag_reading/src/src/bag_reader.cpp:1[m[K:
[6.659s] [01m[K/opt/ros/humble/include/pcl_conversions/pcl_conversions/pcl_conversions.h:568:8:[m[K [01;36m[Knote: [m[Kcandidate: ‘[01m[Ktemplate<class T> void pcl::fromROSMsg(const PointCloud2&, pcl::PointCloud<PointT>&)[m[K’
[6.660s]   568 |   void [01;36m[KfromROSMsg[m[K(const sensor_msgs::msg::PointCloud2 &cloud, pcl::PointCloud<T> &pcl_cloud)
[6.660s]       |        [01;36m[K^~~~~~~~~~[m[K
[6.660s] [01m[K/opt/ros/humble/include/pcl_conversions/pcl_conversions/pcl_conversions.h:568:8:[m[K [01;36m[Knote: [m[K  template argument deduction/substitution failed:
[6.660s] [01m[K/home/haolei/code/ros2bag_reading/src/src/bag_reader.cpp:55:19:[m[K [01;36m[Knote: [m[K  cannot convert ‘[01m[Kdata[m[K’ (type ‘[01m[Kstd::shared_ptr<sensor_msgs::msg::PointCloud2_<std::allocator<void> > >[m[K’) to type ‘[01m[Kconst PointCloud2&[m[K’ {aka ‘[01m[Kconst sensor_msgs::msg::PointCloud2_<std::allocator<void> >&[m[K’}
[6.660s]    55 |   pcl::fromROSMsg([01;36m[Kdata[m[K, *pc);
[6.660s]       |                   [01;36m[K^~~~[m[K
[7.331s] gmake[2]: *** [CMakeFiles/bag_reading_node.dir/build.make:76: CMakeFiles/bag_reading_node.dir/src/bag_reader.cpp.o] Error 1
[7.331s] gmake[1]: *** [CMakeFiles/Makefile2:137: CMakeFiles/bag_reading_node.dir/all] Error 2
[7.331s] gmake: *** [Makefile:146: all] Error 2
[7.334s] Invoked command in '/home/haolei/code/ros2bag_reading/build/bag_reading' returned '2': CMAKE_PREFIX_PATH=/opt/ros/humble CONDA_PROMPT_MODIFIER=(base) /usr/bin/cmake --build /home/haolei/code/ros2bag_reading/build/bag_reading -- -j8 -l8
