[0.017s] Invoking command in '/home/haolei/code/ros2bag_reading/build/bag_reading': CMAKE_PREFIX_PATH=/opt/ros/humble CONDA_PROMPT_MODIFIER=(base) /usr/bin/cmake --build /home/haolei/code/ros2bag_reading/build/bag_reading -- -j8 -l8
[0.073s] [35m[1mConsolidate compiler generated dependencies of target bag_reading_node[0m
[0.102s] [ 50%] [32mBuilding CXX object CMakeFiles/bag_reading_node.dir/src/bag_reader.cpp.o[0m
[7.248s] /home/haolei/code/ros2bag_reading/src/src/bag_reader.cpp: In instantiation of ‘[01m[Kvoid PlaybackNode::save(rclcpp::SerializedMessage, std::string) [with SP = std::shared_ptr<sensor_msgs::msg::Image_<std::allocator<void> > >; S = sensor_msgs::msg::Image_<std::allocator<void> >; std::string = std::__cxx11::basic_string<char>][m[K’:
[7.248s] [01m[K/home/haolei/code/ros2bag_reading/src/src/bag_reader.cpp:114:78:[m[K   required from here
[7.248s] [01m[K/home/haolei/code/ros2bag_reading/src/src/bag_reader.cpp:61:79:[m[K [01;35m[Kwarning: [m[Kunused parameter ‘[01m[Ktopic[m[K’ [[01;35m[K]8;;https://gcc.gnu.org/onlinedocs/gcc/Warning-Options.html#index-Wunused-parameter-Wunused-parameter]8;;[m[K]
[7.248s]    61 | ave(rclcpp::SerializedMessage serialized_msg, [01;35m[Kstd::string topic[m[K) {
[7.248s]       |                                               [01;35m[K~~~~~~~~~~~~^~~~~[m[K
[7.248s] 
[7.248s] /home/haolei/code/ros2bag_reading/src/src/bag_reader.cpp: In instantiation of ‘[01m[Kvoid PlaybackNode::save(rclcpp::SerializedMessage, std::string) [with SP = std::shared_ptr<sensor_msgs::msg::PointCloud2_<std::allocator<void> > >; S = sensor_msgs::msg::PointCloud2_<std::allocator<void> >; std::string = std::__cxx11::basic_string<char>][m[K’:
[7.249s] [01m[K/home/haolei/code/ros2bag_reading/src/src/bag_reader.cpp:115:90:[m[K   required from here
[7.249s] [01m[K/home/haolei/code/ros2bag_reading/src/src/bag_reader.cpp:61:79:[m[K [01;35m[Kwarning: [m[Kunused parameter ‘[01m[Ktopic[m[K’ [[01;35m[K]8;;https://gcc.gnu.org/onlinedocs/gcc/Warning-Options.html#index-Wunused-parameter-Wunused-parameter]8;;[m[K]
[9.651s] [100%] [32m[1mLinking CXX executable bag_reading_node[0m
[10.481s] [100%] Built target bag_reading_node
[10.493s] Invoked command in '/home/haolei/code/ros2bag_reading/build/bag_reading' returned '0': CMAKE_PREFIX_PATH=/opt/ros/humble CONDA_PROMPT_MODIFIER=(base) /usr/bin/cmake --build /home/haolei/code/ros2bag_reading/build/bag_reading -- -j8 -l8
[10.540s] Invoking command in '/home/haolei/code/ros2bag_reading/build/bag_reading': CMAKE_PREFIX_PATH=/opt/ros/humble CONDA_PROMPT_MODIFIER=(base) /usr/bin/cmake --install /home/haolei/code/ros2bag_reading/build/bag_reading
[10.547s] -- Install configuration: ""
[10.547s] -- Installing: /home/haolei/code/ros2bag_reading/install/bag_reading/lib/bag_reading/bag_reading_node
[10.548s] -- Set runtime path of "/home/haolei/code/ros2bag_reading/install/bag_reading/lib/bag_reading/bag_reading_node" to ""
[10.548s] -- Up-to-date: /home/haolei/code/ros2bag_reading/install/bag_reading/share/bag_reading//launch
[10.548s] -- Up-to-date: /home/haolei/code/ros2bag_reading/install/bag_reading/share/bag_reading//launch/bag_reading_launch.py
[10.548s] -- Up-to-date: /home/haolei/code/ros2bag_reading/install/bag_reading/share/bag_reading//config
[10.548s] -- Installing: /home/haolei/code/ros2bag_reading/install/bag_reading/share/bag_reading//config/params.yaml
[10.548s] -- Up-to-date: /home/haolei/code/ros2bag_reading/install/bag_reading/share/ament_index/resource_index/package_run_dependencies/bag_reading
[10.549s] -- Up-to-date: /home/haolei/code/ros2bag_reading/install/bag_reading/share/ament_index/resource_index/parent_prefix_path/bag_reading
[10.549s] -- Up-to-date: /home/haolei/code/ros2bag_reading/install/bag_reading/share/bag_reading/environment/ament_prefix_path.sh
[10.549s] -- Up-to-date: /home/haolei/code/ros2bag_reading/install/bag_reading/share/bag_reading/environment/ament_prefix_path.dsv
[10.549s] -- Up-to-date: /home/haolei/code/ros2bag_reading/install/bag_reading/share/bag_reading/environment/path.sh
[10.549s] -- Up-to-date: /home/haolei/code/ros2bag_reading/install/bag_reading/share/bag_reading/environment/path.dsv
[10.549s] -- Up-to-date: /home/haolei/code/ros2bag_reading/install/bag_reading/share/bag_reading/local_setup.bash
[10.549s] -- Up-to-date: /home/haolei/code/ros2bag_reading/install/bag_reading/share/bag_reading/local_setup.sh
[10.549s] -- Up-to-date: /home/haolei/code/ros2bag_reading/install/bag_reading/share/bag_reading/local_setup.zsh
[10.549s] -- Up-to-date: /home/haolei/code/ros2bag_reading/install/bag_reading/share/bag_reading/local_setup.dsv
[10.549s] -- Installing: /home/haolei/code/ros2bag_reading/install/bag_reading/share/bag_reading/package.dsv
[10.549s] -- Up-to-date: /home/haolei/code/ros2bag_reading/install/bag_reading/share/ament_index/resource_index/packages/bag_reading
[10.549s] -- Up-to-date: /home/haolei/code/ros2bag_reading/install/bag_reading/share/bag_reading/cmake/bag_readingConfig.cmake
[10.550s] -- Up-to-date: /home/haolei/code/ros2bag_reading/install/bag_reading/share/bag_reading/cmake/bag_readingConfig-version.cmake
[10.550s] -- Up-to-date: /home/haolei/code/ros2bag_reading/install/bag_reading/share/bag_reading/package.xml
[10.551s] Invoked command in '/home/haolei/code/ros2bag_reading/build/bag_reading' returned '0': CMAKE_PREFIX_PATH=/opt/ros/humble CONDA_PROMPT_MODIFIER=(base) /usr/bin/cmake --install /home/haolei/code/ros2bag_reading/build/bag_reading
