[0.015s] Invoking command in '/home/haolei/code/ros2bag_reading/build/bag_reading': CMAKE_PREFIX_PATH=/opt/ros/humble CONDA_PROMPT_MODIFIER=(base) /usr/bin/cmake --build /home/haolei/code/ros2bag_reading/build/bag_reading -- -j8 -l8
[0.060s] [35m[1mConsolidate compiler generated dependencies of target bag_reading_node[0m
[0.084s] [ 50%] [32mBuilding CXX object CMakeFiles/bag_reading_node.dir/src/bag_reader.cpp.o[0m
[6.498s] /home/haolei/code/ros2bag_reading/src/src/bag_reader.cpp: In instantiation of ‘[01m[Kvoid PlaybackNode::save(rclcpp::SerializedMessage, std::string) [with SP = std::shared_ptr<sensor_msgs::msg::Image_<std::allocator<void> > >; S = sensor_msgs::msg::Image_<std::allocator<void> >; std::string = std::__cxx11::basic_string<char>][m[K’:
[6.498s] [01m[K/home/haolei/code/ros2bag_reading/src/src/bag_reader.cpp:122:76:[m[K   required from here
[6.498s] [01m[K/home/haolei/code/ros2bag_reading/src/src/bag_reader.cpp:72:16:[m[K [01;31m[Kerror: [m[Kno matching function for call to ‘[01m[KPlaybackNode::write_image(std::shared_ptr<sensor_msgs::msg::Image_<std::allocator<void> > >&)[m[K’
[6.498s]    72 |     [01;31m[Kwrite_image(ros_msg)[m[K;
[6.498s]       |     [01;31m[K~~~~~~~~~~~^~~~~~~~~[m[K
[6.498s] In file included from [01m[K/home/haolei/code/ros2bag_reading/src/src/bag_reader.cpp:1[m[K:
[6.498s] [01m[K/home/haolei/code/ros2bag_reading/src/include/bag_reading/bag_reading.hpp:30:8:[m[K [01;36m[Knote: [m[Kcandidate: ‘[01m[Ktemplate<class SP, class S> void PlaybackNode::write_image(SP)[m[K’
[6.498s]    30 |   void [01;36m[Kwrite_image[m[K(SP ros_msg);
[6.498s]       |        [01;36m[K^~~~~~~~~~~[m[K
[6.498s] [01m[K/home/haolei/code/ros2bag_reading/src/include/bag_reading/bag_reading.hpp:30:8:[m[K [01;36m[Knote: [m[K  template argument deduction/substitution failed:
[6.499s] [01m[K/home/haolei/code/ros2bag_reading/src/src/bag_reader.cpp:72:16:[m[K [01;36m[Knote: [m[K  couldn’t deduce template parameter ‘[01m[KS[m[K’
[6.499s]    72 |     [01;36m[Kwrite_image(ros_msg)[m[K;
[6.499s]       |     [01;36m[K~~~~~~~~~~~^~~~~~~~~[m[K
[6.499s] [01m[K/home/haolei/code/ros2bag_reading/src/src/bag_reader.cpp:75:21:[m[K [01;31m[Kerror: [m[Kno matching function for call to ‘[01m[KPlaybackNode::write_pointcloud(std::shared_ptr<sensor_msgs::msg::Image_<std::allocator<void> > >&)[m[K’
[6.499s]    75 |     [01;31m[Kwrite_pointcloud(ros_msg)[m[K;
[6.499s]       |     [01;31m[K~~~~~~~~~~~~~~~~^~~~~~~~~[m[K
[6.499s] In file included from [01m[K/home/haolei/code/ros2bag_reading/src/src/bag_reader.cpp:1[m[K:
[6.499s] [01m[K/home/haolei/code/ros2bag_reading/src/include/bag_reading/bag_reading.hpp:32:8:[m[K [01;36m[Knote: [m[Kcandidate: ‘[01m[Ktemplate<class SP, class S> void PlaybackNode::write_pointcloud(SP)[m[K’
[6.499s]    32 |   void [01;36m[Kwrite_pointcloud[m[K(SP ros_msg);
[6.499s]       |        [01;36m[K^~~~~~~~~~~~~~~~[m[K
[6.499s] [01m[K/home/haolei/code/ros2bag_reading/src/include/bag_reading/bag_reading.hpp:32:8:[m[K [01;36m[Knote: [m[K  template argument deduction/substitution failed:
[6.499s] [01m[K/home/haolei/code/ros2bag_reading/src/src/bag_reader.cpp:75:21:[m[K [01;36m[Knote: [m[K  couldn’t deduce template parameter ‘[01m[KS[m[K’
[6.499s]    75 |     [01;36m[Kwrite_pointcloud(ros_msg)[m[K;
[6.499s]       |     [01;36m[K~~~~~~~~~~~~~~~~^~~~~~~~~[m[K
[6.499s] /home/haolei/code/ros2bag_reading/src/src/bag_reader.cpp: In instantiation of ‘[01m[Kvoid PlaybackNode::save(rclcpp::SerializedMessage, std::string) [with SP = std::shared_ptr<sensor_msgs::msg::PointCloud2_<std::allocator<void> > >; S = sensor_msgs::msg::PointCloud2_<std::allocator<void> >; std::string = std::__cxx11::basic_string<char>][m[K’:
[6.499s] [01m[K/home/haolei/code/ros2bag_reading/src/src/bag_reader.cpp:127:88:[m[K   required from here
[6.499s] [01m[K/home/haolei/code/ros2bag_reading/src/src/bag_reader.cpp:72:16:[m[K [01;31m[Kerror: [m[Kno matching function for call to ‘[01m[KPlaybackNode::write_image(std::shared_ptr<sensor_msgs::msg::PointCloud2_<std::allocator<void> > >&)[m[K’
[6.499s]    72 |     [01;31m[Kwrite_image(ros_msg)[m[K;
[6.500s]       |     [01;31m[K~~~~~~~~~~~^~~~~~~~~[m[K
[6.500s] In file included from [01m[K/home/haolei/code/ros2bag_reading/src/src/bag_reader.cpp:1[m[K:
[6.500s] [01m[K/home/haolei/code/ros2bag_reading/src/include/bag_reading/bag_reading.hpp:30:8:[m[K [01;36m[Knote: [m[Kcandidate: ‘[01m[Ktemplate<class SP, class S> void PlaybackNode::write_image(SP)[m[K’
[6.500s]    30 |   void [01;36m[Kwrite_image[m[K(SP ros_msg);
[6.500s]       |        [01;36m[K^~~~~~~~~~~[m[K
[6.500s] [01m[K/home/haolei/code/ros2bag_reading/src/include/bag_reading/bag_reading.hpp:30:8:[m[K [01;36m[Knote: [m[K  template argument deduction/substitution failed:
[6.500s] [01m[K/home/haolei/code/ros2bag_reading/src/src/bag_reader.cpp:72:16:[m[K [01;36m[Knote: [m[K  couldn’t deduce template parameter ‘[01m[KS[m[K’
[6.500s]    72 |     [01;36m[Kwrite_image(ros_msg)[m[K;
[6.500s]       |     [01;36m[K~~~~~~~~~~~^~~~~~~~~[m[K
[6.500s] [01m[K/home/haolei/code/ros2bag_reading/src/src/bag_reader.cpp:75:21:[m[K [01;31m[Kerror: [m[Kno matching function for call to ‘[01m[KPlaybackNode::write_pointcloud(std::shared_ptr<sensor_msgs::msg::PointCloud2_<std::allocator<void> > >&)[m[K’
[6.500s]    75 |     [01;31m[Kwrite_pointcloud(ros_msg)[m[K;
[6.500s]       |     [01;31m[K~~~~~~~~~~~~~~~~^~~~~~~~~[m[K
[6.500s] In file included from [01m[K/home/haolei/code/ros2bag_reading/src/src/bag_reader.cpp:1[m[K:
[6.500s] [01m[K/home/haolei/code/ros2bag_reading/src/include/bag_reading/bag_reading.hpp:32:8:[m[K [01;36m[Knote: [m[Kcandidate: ‘[01m[Ktemplate<class SP, class S> void PlaybackNode::write_pointcloud(SP)[m[K’
[6.500s]    32 |   void [01;36m[Kwrite_pointcloud[m[K(SP ros_msg);
[6.500s]       |        [01;36m[K^~~~~~~~~~~~~~~~[m[K
[6.500s] [01m[K/home/haolei/code/ros2bag_reading/src/include/bag_reading/bag_reading.hpp:32:8:[m[K [01;36m[Knote: [m[K  template argument deduction/substitution failed:
[6.501s] [01m[K/home/haolei/code/ros2bag_reading/src/src/bag_reader.cpp:75:21:[m[K [01;36m[Knote: [m[K  couldn’t deduce template parameter ‘[01m[KS[m[K’
[6.501s]    75 |     [01;36m[Kwrite_pointcloud(ros_msg)[m[K;
[6.501s]       |     [01;36m[K~~~~~~~~~~~~~~~~^~~~~~~~~[m[K
[7.360s] gmake[2]: *** [CMakeFiles/bag_reading_node.dir/build.make:76: CMakeFiles/bag_reading_node.dir/src/bag_reader.cpp.o] Error 1
[7.360s] gmake[1]: *** [CMakeFiles/Makefile2:137: CMakeFiles/bag_reading_node.dir/all] Error 2
[7.361s] gmake: *** [Makefile:146: all] Error 2
[7.363s] Invoked command in '/home/haolei/code/ros2bag_reading/build/bag_reading' returned '2': CMAKE_PREFIX_PATH=/opt/ros/humble CONDA_PROMPT_MODIFIER=(base) /usr/bin/cmake --build /home/haolei/code/ros2bag_reading/build/bag_reading -- -j8 -l8
