[0.203s] DEBUG:colcon:Command line arguments: ['/home/haolei/miniconda3/bin/colcon', 'build']
[0.203s] DEBUG:colcon:Parsed command line arguments: Namespace(log_base=None, log_level=None, verb_name='build', build_base='build', install_base='install', merge_install=False, symlink_install=False, test_result_base=None, continue_on_error=False, executor='parallel', parallel_workers=8, event_handlers=None, ignore_user_meta=False, metas=['./colcon.meta'], base_paths=['.'], packages_ignore=None, packages_ignore_regex=None, paths=None, packages_up_to=None, packages_up_to_regex=None, packages_above=None, packages_above_and_dependencies=None, packages_above_depth=None, packages_select_by_dep=None, packages_skip_by_dep=None, packages_skip_up_to=None, packages_select_build_failed=False, packages_skip_build_finished=False, packages_select_test_failures=False, packages_skip_test_passed=False, packages_select=None, packages_skip=None, packages_select_regex=None, packages_skip_regex=None, packages_start=None, packages_end=None, cmake_args=None, cmake_target=None, cmake_target_skip_unavailable=False, cmake_clean_cache=False, cmake_clean_first=False, cmake_force_configure=False, ament_cmake_args=None, catkin_cmake_args=None, catkin_skip_building_tests=False, verb_parser=<colcon_defaults.argument_parser.defaults.DefaultArgumentsDecorator object at 0x7f35d66a4100>, verb_extension=<colcon_core.verb.build.BuildVerb object at 0x7f35d67ea6a0>, main=<bound method BuildVerb.main of <colcon_core.verb.build.BuildVerb object at 0x7f35d67ea6a0>>)
[0.251s] Level 1:colcon.colcon_core.package_discovery:discover_packages(colcon_meta) check parameters
[0.251s] Level 1:colcon.colcon_core.package_discovery:discover_packages(recursive) check parameters
[0.251s] Level 1:colcon.colcon_core.package_discovery:discover_packages(ignore) check parameters
[0.251s] Level 1:colcon.colcon_core.package_discovery:discover_packages(path) check parameters
[0.251s] Level 1:colcon.colcon_core.package_discovery:discover_packages(colcon_meta) discover
[0.251s] Level 1:colcon.colcon_core.package_discovery:discover_packages(recursive) discover
[0.251s] INFO:colcon.colcon_core.package_discovery:Crawling recursively for packages in '/home/haolei/code/ros2bag_reading'
[0.251s] Level 1:colcon.colcon_core.package_identification:_identify(.) by extensions ['ignore', 'ignore_ament_install']
[0.251s] Level 1:colcon.colcon_core.package_identification:_identify(.) by extension 'ignore'
[0.252s] Level 1:colcon.colcon_core.package_identification:_identify(.) by extension 'ignore_ament_install'
[0.252s] Level 1:colcon.colcon_core.package_identification:_identify(.) by extensions ['colcon_pkg']
[0.252s] Level 1:colcon.colcon_core.package_identification:_identify(.) by extension 'colcon_pkg'
[0.252s] Level 1:colcon.colcon_core.package_identification:_identify(.) by extensions ['colcon_meta']
[0.252s] Level 1:colcon.colcon_core.package_identification:_identify(.) by extension 'colcon_meta'
[0.252s] Level 1:colcon.colcon_core.package_identification:_identify(.) by extensions ['ros']
[0.252s] Level 1:colcon.colcon_core.package_identification:_identify(.) by extension 'ros'
[0.277s] Level 1:colcon.colcon_core.package_identification:_identify(.) by extensions ['cmake', 'python']
[0.278s] Level 1:colcon.colcon_core.package_identification:_identify(.) by extension 'cmake'
[0.278s] Level 1:colcon.colcon_core.package_identification:_identify(.) by extension 'python'
[0.278s] Level 1:colcon.colcon_core.package_identification:_identify(.) by extensions ['python_setup_py']
[0.278s] Level 1:colcon.colcon_core.package_identification:_identify(.) by extension 'python_setup_py'
[0.278s] Level 1:colcon.colcon_core.package_identification:_identify(build) by extensions ['ignore', 'ignore_ament_install']
[0.278s] Level 1:colcon.colcon_core.package_identification:_identify(build) by extension 'ignore'
[0.278s] Level 1:colcon.colcon_core.package_identification:_identify(build) ignored
[0.278s] Level 1:colcon.colcon_core.package_identification:_identify(install) by extensions ['ignore', 'ignore_ament_install']
[0.278s] Level 1:colcon.colcon_core.package_identification:_identify(install) by extension 'ignore'
[0.278s] Level 1:colcon.colcon_core.package_identification:_identify(install) ignored
[0.278s] Level 1:colcon.colcon_core.package_identification:_identify(log) by extensions ['ignore', 'ignore_ament_install']
[0.278s] Level 1:colcon.colcon_core.package_identification:_identify(log) by extension 'ignore'
[0.278s] Level 1:colcon.colcon_core.package_identification:_identify(log) ignored
[0.279s] Level 1:colcon.colcon_core.package_identification:_identify(src) by extensions ['ignore', 'ignore_ament_install']
[0.279s] Level 1:colcon.colcon_core.package_identification:_identify(src) by extension 'ignore'
[0.279s] Level 1:colcon.colcon_core.package_identification:_identify(src) by extension 'ignore_ament_install'
[0.279s] Level 1:colcon.colcon_core.package_identification:_identify(src) by extensions ['colcon_pkg']
[0.279s] Level 1:colcon.colcon_core.package_identification:_identify(src) by extension 'colcon_pkg'
[0.279s] Level 1:colcon.colcon_core.package_identification:_identify(src) by extensions ['colcon_meta']
[0.279s] Level 1:colcon.colcon_core.package_identification:_identify(src) by extension 'colcon_meta'
[0.279s] Level 1:colcon.colcon_core.package_identification:_identify(src) by extensions ['ros']
[0.279s] Level 1:colcon.colcon_core.package_identification:_identify(src) by extension 'ros'
[0.282s] DEBUG:colcon.colcon_core.package_identification:Package 'src' with type 'ros.ament_cmake' and name 'bag_reading'
[0.282s] Level 1:colcon.colcon_core.package_discovery:discover_packages(recursive) using defaults
[0.282s] Level 1:colcon.colcon_core.package_discovery:discover_packages(ignore) discover
[0.282s] Level 1:colcon.colcon_core.package_discovery:discover_packages(ignore) using defaults
[0.282s] Level 1:colcon.colcon_core.package_discovery:discover_packages(path) discover
[0.282s] Level 1:colcon.colcon_core.package_discovery:discover_packages(path) using defaults
[0.303s] Level 5:colcon.colcon_core.verb:set package 'bag_reading' build argument 'cmake_args' from command line to 'None'
[0.303s] Level 5:colcon.colcon_core.verb:set package 'bag_reading' build argument 'cmake_target' from command line to 'None'
[0.303s] Level 5:colcon.colcon_core.verb:set package 'bag_reading' build argument 'cmake_target_skip_unavailable' from command line to 'False'
[0.303s] Level 5:colcon.colcon_core.verb:set package 'bag_reading' build argument 'cmake_clean_cache' from command line to 'False'
[0.303s] Level 5:colcon.colcon_core.verb:set package 'bag_reading' build argument 'cmake_clean_first' from command line to 'False'
[0.303s] Level 5:colcon.colcon_core.verb:set package 'bag_reading' build argument 'cmake_force_configure' from command line to 'False'
[0.303s] Level 5:colcon.colcon_core.verb:set package 'bag_reading' build argument 'ament_cmake_args' from command line to 'None'
[0.303s] Level 5:colcon.colcon_core.verb:set package 'bag_reading' build argument 'catkin_cmake_args' from command line to 'None'
[0.303s] Level 5:colcon.colcon_core.verb:set package 'bag_reading' build argument 'catkin_skip_building_tests' from command line to 'False'
[0.303s] DEBUG:colcon.colcon_core.verb:Building package 'bag_reading' with the following arguments: {'ament_cmake_args': None, 'build_base': '/home/haolei/code/ros2bag_reading/build/bag_reading', 'catkin_cmake_args': None, 'catkin_skip_building_tests': False, 'cmake_args': None, 'cmake_clean_cache': False, 'cmake_clean_first': False, 'cmake_force_configure': False, 'cmake_target': None, 'cmake_target_skip_unavailable': False, 'install_base': '/home/haolei/code/ros2bag_reading/install/bag_reading', 'merge_install': False, 'path': '/home/haolei/code/ros2bag_reading/src', 'symlink_install': False, 'test_result_base': None}
[0.303s] INFO:colcon.colcon_core.executor:Executing jobs using 'parallel' executor
[0.304s] DEBUG:colcon.colcon_parallel_executor.executor.parallel:run_until_complete
[0.304s] INFO:colcon.colcon_ros.task.ament_cmake.build:Building ROS package in '/home/haolei/code/ros2bag_reading/src' with build type 'ament_cmake'
[0.304s] INFO:colcon.colcon_cmake.task.cmake.build:Building CMake package in '/home/haolei/code/ros2bag_reading/src'
[0.306s] INFO:colcon.colcon_core.plugin_system:Skipping extension 'colcon_core.shell.bat': Not used on non-Windows systems
[0.307s] INFO:colcon.colcon_core.shell:Skip shell extension 'powershell' for command environment: Not usable outside of PowerShell
[0.307s] DEBUG:colcon.colcon_core.shell:Skip shell extension 'dsv' for command environment
[0.321s] DEBUG:colcon.colcon_core.event_handler.log_command:Invoking command in '/home/haolei/code/ros2bag_reading/build/bag_reading': CMAKE_PREFIX_PATH=${CMAKE_PREFIX_PATH}:/opt/ros/humble CONDA_PROMPT_MODIFIER=(base) /usr/bin/cmake --build /home/haolei/code/ros2bag_reading/build/bag_reading -- -j8 -l8
[9.855s] DEBUG:colcon.colcon_core.event_handler.log_command:Invoked command in '/home/haolei/code/ros2bag_reading/build/bag_reading' returned '0': CMAKE_PREFIX_PATH=${CMAKE_PREFIX_PATH}:/opt/ros/humble CONDA_PROMPT_MODIFIER=(base) /usr/bin/cmake --build /home/haolei/code/ros2bag_reading/build/bag_reading -- -j8 -l8
[9.905s] DEBUG:colcon.colcon_core.event_handler.log_command:Invoking command in '/home/haolei/code/ros2bag_reading/build/bag_reading': CMAKE_PREFIX_PATH=${CMAKE_PREFIX_PATH}:/opt/ros/humble CONDA_PROMPT_MODIFIER=(base) /usr/bin/cmake --install /home/haolei/code/ros2bag_reading/build/bag_reading
[9.915s] Level 1:colcon.colcon_core.environment:create_environment_scripts_only(bag_reading)
[9.916s] DEBUG:colcon.colcon_core.event_handler.log_command:Invoked command in '/home/haolei/code/ros2bag_reading/build/bag_reading' returned '0': CMAKE_PREFIX_PATH=${CMAKE_PREFIX_PATH}:/opt/ros/humble CONDA_PROMPT_MODIFIER=(base) /usr/bin/cmake --install /home/haolei/code/ros2bag_reading/build/bag_reading
[9.918s] Level 1:colcon.colcon_core.environment:checking '/home/haolei/code/ros2bag_reading/install/bag_reading' for CMake module files
[9.919s] Level 1:colcon.colcon_core.environment:checking '/home/haolei/code/ros2bag_reading/install/bag_reading' for CMake config files
[9.919s] Level 1:colcon.colcon_core.shell:create_environment_hook('bag_reading', 'cmake_prefix_path')
[9.919s] INFO:colcon.colcon_core.shell:Creating environment hook '/home/haolei/code/ros2bag_reading/install/bag_reading/share/bag_reading/hook/cmake_prefix_path.ps1'
[9.920s] INFO:colcon.colcon_core.shell:Creating environment descriptor '/home/haolei/code/ros2bag_reading/install/bag_reading/share/bag_reading/hook/cmake_prefix_path.dsv'
[9.921s] INFO:colcon.colcon_core.shell:Creating environment hook '/home/haolei/code/ros2bag_reading/install/bag_reading/share/bag_reading/hook/cmake_prefix_path.sh'
[9.922s] Level 1:colcon.colcon_core.environment:checking '/home/haolei/code/ros2bag_reading/install/bag_reading/lib'
[9.922s] Level 1:colcon.colcon_core.environment:checking '/home/haolei/code/ros2bag_reading/install/bag_reading/bin'
[9.922s] Level 1:colcon.colcon_core.environment:checking '/home/haolei/code/ros2bag_reading/install/bag_reading/lib/pkgconfig/bag_reading.pc'
[9.924s] Level 1:colcon.colcon_core.environment:checking '/home/haolei/code/ros2bag_reading/install/bag_reading/lib/python3.9/site-packages'
[9.924s] Level 1:colcon.colcon_core.environment:checking '/home/haolei/code/ros2bag_reading/install/bag_reading/bin'
[9.925s] INFO:colcon.colcon_core.shell:Creating package script '/home/haolei/code/ros2bag_reading/install/bag_reading/share/bag_reading/package.ps1'
[9.926s] INFO:colcon.colcon_core.shell:Creating package descriptor '/home/haolei/code/ros2bag_reading/install/bag_reading/share/bag_reading/package.dsv'
[9.926s] INFO:colcon.colcon_core.shell:Creating package script '/home/haolei/code/ros2bag_reading/install/bag_reading/share/bag_reading/package.sh'
[9.927s] INFO:colcon.colcon_core.shell:Creating package script '/home/haolei/code/ros2bag_reading/install/bag_reading/share/bag_reading/package.bash'
[9.927s] INFO:colcon.colcon_core.shell:Creating package script '/home/haolei/code/ros2bag_reading/install/bag_reading/share/bag_reading/package.zsh'
[9.928s] Level 1:colcon.colcon_core.environment:create_file_with_runtime_dependencies(/home/haolei/code/ros2bag_reading/install/bag_reading/share/colcon-core/packages/bag_reading)
[9.962s] Level 1:colcon.colcon_core.environment:create_environment_scripts_only(bag_reading)
[9.963s] Level 1:colcon.colcon_core.environment:checking '/home/haolei/code/ros2bag_reading/install/bag_reading' for CMake module files
[9.963s] Level 1:colcon.colcon_core.environment:checking '/home/haolei/code/ros2bag_reading/install/bag_reading' for CMake config files
[9.963s] Level 1:colcon.colcon_core.shell:create_environment_hook('bag_reading', 'cmake_prefix_path')
[9.964s] INFO:colcon.colcon_core.shell:Creating environment hook '/home/haolei/code/ros2bag_reading/install/bag_reading/share/bag_reading/hook/cmake_prefix_path.ps1'
[9.964s] INFO:colcon.colcon_core.shell:Creating environment descriptor '/home/haolei/code/ros2bag_reading/install/bag_reading/share/bag_reading/hook/cmake_prefix_path.dsv'
[9.964s] INFO:colcon.colcon_core.shell:Creating environment hook '/home/haolei/code/ros2bag_reading/install/bag_reading/share/bag_reading/hook/cmake_prefix_path.sh'
[9.965s] Level 1:colcon.colcon_core.environment:checking '/home/haolei/code/ros2bag_reading/install/bag_reading/lib'
[9.965s] Level 1:colcon.colcon_core.environment:checking '/home/haolei/code/ros2bag_reading/install/bag_reading/bin'
[9.965s] Level 1:colcon.colcon_core.environment:checking '/home/haolei/code/ros2bag_reading/install/bag_reading/lib/pkgconfig/bag_reading.pc'
[9.965s] Level 1:colcon.colcon_core.environment:checking '/home/haolei/code/ros2bag_reading/install/bag_reading/lib/python3.9/site-packages'
[9.966s] Level 1:colcon.colcon_core.environment:checking '/home/haolei/code/ros2bag_reading/install/bag_reading/bin'
[9.966s] INFO:colcon.colcon_core.shell:Creating package script '/home/haolei/code/ros2bag_reading/install/bag_reading/share/bag_reading/package.ps1'
[9.967s] INFO:colcon.colcon_core.shell:Creating package descriptor '/home/haolei/code/ros2bag_reading/install/bag_reading/share/bag_reading/package.dsv'
[9.967s] INFO:colcon.colcon_core.shell:Creating package script '/home/haolei/code/ros2bag_reading/install/bag_reading/share/bag_reading/package.sh'
[9.968s] INFO:colcon.colcon_core.shell:Creating package script '/home/haolei/code/ros2bag_reading/install/bag_reading/share/bag_reading/package.bash'
[9.968s] INFO:colcon.colcon_core.shell:Creating package script '/home/haolei/code/ros2bag_reading/install/bag_reading/share/bag_reading/package.zsh'
[9.969s] Level 1:colcon.colcon_core.environment:create_file_with_runtime_dependencies(/home/haolei/code/ros2bag_reading/install/bag_reading/share/colcon-core/packages/bag_reading)
[9.969s] DEBUG:colcon.colcon_parallel_executor.executor.parallel:closing loop
[9.970s] DEBUG:colcon.colcon_parallel_executor.executor.parallel:loop closed
[9.970s] DEBUG:colcon.colcon_parallel_executor.executor.parallel:run_until_complete finished with '0'
[9.970s] DEBUG:colcon.colcon_core.event_reactor:joining thread
[9.972s] INFO:colcon.colcon_core.plugin_system:Skipping extension 'colcon_notification.desktop_notification.notify2': 'notify2' not found
[9.972s] INFO:colcon.colcon_core.plugin_system:Skipping extension 'colcon_notification.desktop_notification.terminal_notifier': Not used on non-Darwin systems
[9.972s] INFO:colcon.colcon_core.plugin_system:Skipping extension 'colcon_notification.desktop_notification.win32': Not used on non-Windows systems
[9.972s] INFO:colcon.colcon_notification.desktop_notification:Sending desktop notification using 'notify_send'
[9.992s] DEBUG:colcon.colcon_core.event_reactor:joined thread
[9.993s] INFO:colcon.colcon_core.shell:Creating prefix script '/home/haolei/code/ros2bag_reading/install/local_setup.ps1'
[9.994s] INFO:colcon.colcon_core.shell:Creating prefix util module '/home/haolei/code/ros2bag_reading/install/_local_setup_util_ps1.py'
[9.996s] INFO:colcon.colcon_core.shell:Creating prefix chain script '/home/haolei/code/ros2bag_reading/install/setup.ps1'
[9.997s] INFO:colcon.colcon_core.shell:Creating prefix script '/home/haolei/code/ros2bag_reading/install/local_setup.sh'
[9.997s] INFO:colcon.colcon_core.shell:Creating prefix util module '/home/haolei/code/ros2bag_reading/install/_local_setup_util_sh.py'
[9.998s] INFO:colcon.colcon_core.shell:Creating prefix chain script '/home/haolei/code/ros2bag_reading/install/setup.sh'
[9.999s] INFO:colcon.colcon_core.shell:Creating prefix script '/home/haolei/code/ros2bag_reading/install/local_setup.bash'
[10.000s] INFO:colcon.colcon_core.shell:Creating prefix chain script '/home/haolei/code/ros2bag_reading/install/setup.bash'
[10.001s] INFO:colcon.colcon_core.shell:Creating prefix script '/home/haolei/code/ros2bag_reading/install/local_setup.zsh'
[10.001s] INFO:colcon.colcon_core.shell:Creating prefix chain script '/home/haolei/code/ros2bag_reading/install/setup.zsh'
