[35m[1mConsolidate compiler generated dependencies of target bag_reading_node[0m
[ 50%] [32mBuilding CXX object CMakeFiles/bag_reading_node.dir/src/bag_reader.cpp.o[0m
[01m[K/home/haolei/code/ros2bag_reading/src/src/bag_reader.cpp:36:6:[m[K [01;31m[Kerror: [m[Kno declaration matches ‘[01m[Kvoid PlaybackNode::write_image(SP)[m[K’
   36 | void [01;31m[KPlaybackNode[m[K::write_image(SP ros_msg) {
      |      [01;31m[K^~~~~~~~~~~~[m[K
In file included from [01m[K/home/haolei/code/ros2bag_reading/src/src/bag_reader.cpp:1[m[K:
[01m[K/home/haolei/code/ros2bag_reading/src/include/bag_reading/bag_reading.hpp:30:8:[m[K [01;36m[Knote: [m[Kcandidate is: ‘[01m[Ktemplate<class SP, class S> void PlaybackNode::write_image(S)[m[K’
   30 |   void [01;36m[Kwrite_image[m[K(S data);
      |        [01;36m[K^~~~~~~~~~~[m[K
[01m[K/home/haolei/code/ros2bag_reading/src/include/bag_reading/bag_reading.hpp:20:7:[m[K [01;36m[Knote: [m[K‘[01m[Kclass PlaybackNode[m[K’ defined here
   20 | class [01;36m[KPlaybackNode[m[K : public rclcpp::Node
      |       [01;36m[K^~~~~~~~~~~~[m[K
[01m[K/home/haolei/code/ros2bag_reading/src/src/bag_reader.cpp:51:6:[m[K [01;31m[Kerror: [m[Kno declaration matches ‘[01m[Kvoid PlaybackNode::write_pointcloud(SP)[m[K’
   51 | void [01;31m[KPlaybackNode[m[K::write_pointcloud(SP ros_msg) {
      |      [01;31m[K^~~~~~~~~~~~[m[K
In file included from [01m[K/home/haolei/code/ros2bag_reading/src/src/bag_reader.cpp:1[m[K:
[01m[K/home/haolei/code/ros2bag_reading/src/include/bag_reading/bag_reading.hpp:32:8:[m[K [01;36m[Knote: [m[Kcandidate is: ‘[01m[Ktemplate<class SP, class S> void PlaybackNode::write_pointcloud(S)[m[K’
   32 |   void [01;36m[Kwrite_pointcloud[m[K(S data);
      |        [01;36m[K^~~~~~~~~~~~~~~~[m[K
[01m[K/home/haolei/code/ros2bag_reading/src/include/bag_reading/bag_reading.hpp:20:7:[m[K [01;36m[Knote: [m[K‘[01m[Kclass PlaybackNode[m[K’ defined here
   20 | class [01;36m[KPlaybackNode[m[K : public rclcpp::Node
      |       [01;36m[K^~~~~~~~~~~~[m[K
/home/haolei/code/ros2bag_reading/src/src/bag_reader.cpp: In instantiation of ‘[01m[Kvoid PlaybackNode::save(rclcpp::SerializedMessage, std::string) [with SP = std::shared_ptr<sensor_msgs::msg::Image_<std::allocator<void> > >; S = sensor_msgs::msg::Image_<std::allocator<void> >; std::string = std::__cxx11::basic_string<char>][m[K’:
[01m[K/home/haolei/code/ros2bag_reading/src/src/bag_reader.cpp:122:76:[m[K   required from here
[01m[K/home/haolei/code/ros2bag_reading/src/src/bag_reader.cpp:72:16:[m[K [01;31m[Kerror: [m[Kno matching function for call to ‘[01m[KPlaybackNode::write_image(std::shared_ptr<sensor_msgs::msg::Image_<std::allocator<void> > >&)[m[K’
   72 |     [01;31m[Kwrite_image(ros_msg)[m[K;
      |     [01;31m[K~~~~~~~~~~~^~~~~~~~~[m[K
In file included from [01m[K/home/haolei/code/ros2bag_reading/src/src/bag_reader.cpp:1[m[K:
[01m[K/home/haolei/code/ros2bag_reading/src/include/bag_reading/bag_reading.hpp:30:8:[m[K [01;36m[Knote: [m[Kcandidate: ‘[01m[Ktemplate<class SP, class S> void PlaybackNode::write_image(S)[m[K’
   30 |   void [01;36m[Kwrite_image[m[K(S data);
      |        [01;36m[K^~~~~~~~~~~[m[K
[01m[K/home/haolei/code/ros2bag_reading/src/include/bag_reading/bag_reading.hpp:30:8:[m[K [01;36m[Knote: [m[K  template argument deduction/substitution failed:
[01m[K/home/haolei/code/ros2bag_reading/src/src/bag_reader.cpp:72:16:[m[K [01;36m[Knote: [m[K  couldn’t deduce template parameter ‘[01m[KSP[m[K’
   72 |     [01;36m[Kwrite_image(ros_msg)[m[K;
      |     [01;36m[K~~~~~~~~~~~^~~~~~~~~[m[K
[01m[K/home/haolei/code/ros2bag_reading/src/src/bag_reader.cpp:75:21:[m[K [01;31m[Kerror: [m[Kno matching function for call to ‘[01m[KPlaybackNode::write_pointcloud(std::shared_ptr<sensor_msgs::msg::Image_<std::allocator<void> > >&)[m[K’
   75 |     [01;31m[Kwrite_pointcloud(ros_msg)[m[K;
      |     [01;31m[K~~~~~~~~~~~~~~~~^~~~~~~~~[m[K
In file included from [01m[K/home/haolei/code/ros2bag_reading/src/src/bag_reader.cpp:1[m[K:
[01m[K/home/haolei/code/ros2bag_reading/src/include/bag_reading/bag_reading.hpp:32:8:[m[K [01;36m[Knote: [m[Kcandidate: ‘[01m[Ktemplate<class SP, class S> void PlaybackNode::write_pointcloud(S)[m[K’
   32 |   void [01;36m[Kwrite_pointcloud[m[K(S data);
      |        [01;36m[K^~~~~~~~~~~~~~~~[m[K
[01m[K/home/haolei/code/ros2bag_reading/src/include/bag_reading/bag_reading.hpp:32:8:[m[K [01;36m[Knote: [m[K  template argument deduction/substitution failed:
[01m[K/home/haolei/code/ros2bag_reading/src/src/bag_reader.cpp:75:21:[m[K [01;36m[Knote: [m[K  couldn’t deduce template parameter ‘[01m[KSP[m[K’
   75 |     [01;36m[Kwrite_pointcloud(ros_msg)[m[K;
      |     [01;36m[K~~~~~~~~~~~~~~~~^~~~~~~~~[m[K
/home/haolei/code/ros2bag_reading/src/src/bag_reader.cpp: In instantiation of ‘[01m[Kvoid PlaybackNode::save(rclcpp::SerializedMessage, std::string) [with SP = std::shared_ptr<sensor_msgs::msg::PointCloud2_<std::allocator<void> > >; S = sensor_msgs::msg::PointCloud2_<std::allocator<void> >; std::string = std::__cxx11::basic_string<char>][m[K’:
[01m[K/home/haolei/code/ros2bag_reading/src/src/bag_reader.cpp:127:88:[m[K   required from here
[01m[K/home/haolei/code/ros2bag_reading/src/src/bag_reader.cpp:72:16:[m[K [01;31m[Kerror: [m[Kno matching function for call to ‘[01m[KPlaybackNode::write_image(std::shared_ptr<sensor_msgs::msg::PointCloud2_<std::allocator<void> > >&)[m[K’
   72 |     [01;31m[Kwrite_image(ros_msg)[m[K;
      |     [01;31m[K~~~~~~~~~~~^~~~~~~~~[m[K
In file included from [01m[K/home/haolei/code/ros2bag_reading/src/src/bag_reader.cpp:1[m[K:
[01m[K/home/haolei/code/ros2bag_reading/src/include/bag_reading/bag_reading.hpp:30:8:[m[K [01;36m[Knote: [m[Kcandidate: ‘[01m[Ktemplate<class SP, class S> void PlaybackNode::write_image(S)[m[K’
   30 |   void [01;36m[Kwrite_image[m[K(S data);
      |        [01;36m[K^~~~~~~~~~~[m[K
[01m[K/home/haolei/code/ros2bag_reading/src/include/bag_reading/bag_reading.hpp:30:8:[m[K [01;36m[Knote: [m[K  template argument deduction/substitution failed:
[01m[K/home/haolei/code/ros2bag_reading/src/src/bag_reader.cpp:72:16:[m[K [01;36m[Knote: [m[K  couldn’t deduce template parameter ‘[01m[KSP[m[K’
   72 |     [01;36m[Kwrite_image(ros_msg)[m[K;
      |     [01;36m[K~~~~~~~~~~~^~~~~~~~~[m[K
[01m[K/home/haolei/code/ros2bag_reading/src/src/bag_reader.cpp:75:21:[m[K [01;31m[Kerror: [m[Kno matching function for call to ‘[01m[KPlaybackNode::write_pointcloud(std::shared_ptr<sensor_msgs::msg::PointCloud2_<std::allocator<void> > >&)[m[K’
   75 |     [01;31m[Kwrite_pointcloud(ros_msg)[m[K;
      |     [01;31m[K~~~~~~~~~~~~~~~~^~~~~~~~~[m[K
In file included from [01m[K/home/haolei/code/ros2bag_reading/src/src/bag_reader.cpp:1[m[K:
[01m[K/home/haolei/code/ros2bag_reading/src/include/bag_reading/bag_reading.hpp:32:8:[m[K [01;36m[Knote: [m[Kcandidate: ‘[01m[Ktemplate<class SP, class S> void PlaybackNode::write_pointcloud(S)[m[K’
   32 |   void [01;36m[Kwrite_pointcloud[m[K(S data);
      |        [01;36m[K^~~~~~~~~~~~~~~~[m[K
[01m[K/home/haolei/code/ros2bag_reading/src/include/bag_reading/bag_reading.hpp:32:8:[m[K [01;36m[Knote: [m[K  template argument deduction/substitution failed:
[01m[K/home/haolei/code/ros2bag_reading/src/src/bag_reader.cpp:75:21:[m[K [01;36m[Knote: [m[K  couldn’t deduce template parameter ‘[01m[KSP[m[K’
   75 |     [01;36m[Kwrite_pointcloud(ros_msg)[m[K;
      |     [01;36m[K~~~~~~~~~~~~~~~~^~~~~~~~~[m[K
gmake[2]: *** [CMakeFiles/bag_reading_node.dir/build.make:76: CMakeFiles/bag_reading_node.dir/src/bag_reader.cpp.o] Error 1
gmake[1]: *** [CMakeFiles/Makefile2:137: CMakeFiles/bag_reading_node.dir/all] Error 2
gmake: *** [Makefile:146: all] Error 2
