[0.016s] Invoking command in '/home/haolei/code/ros2bag_reading/build/bag_reading': CMAKE_PREFIX_PATH=/opt/ros/humble CONDA_PROMPT_MODIFIER=(base) /usr/bin/cmake --build /home/haolei/code/ros2bag_reading/build/bag_reading -- -j8 -l8
[0.060s] [35m[1mConsolidate compiler generated dependencies of target bag_reading_node[0m
[0.089s] [ 50%] [32mBuilding CXX object CMakeFiles/bag_reading_node.dir/src/bag_reader.cpp.o[0m
[6.204s] [01m[K/home/haolei/code/ros2bag_reading/src/src/bag_reader.cpp:36:6:[m[K [01;31m[Kerror: [m[Kno declaration matches ‘[01m[Kvoid PlaybackNode::write_image(SP)[m[K’
[6.204s]    36 | void [01;31m[KPlaybackNode[m[K::write_image(SP ros_msg) {
[6.205s]       |      [01;31m[K^~~~~~~~~~~~[m[K
[6.205s] In file included from [01m[K/home/haolei/code/ros2bag_reading/src/src/bag_reader.cpp:1[m[K:
[6.205s] [01m[K/home/haolei/code/ros2bag_reading/src/include/bag_reading/bag_reading.hpp:30:8:[m[K [01;36m[Knote: [m[Kcandidate is: ‘[01m[Ktemplate<class S> void PlaybackNode::write_image(S)[m[K’
[6.205s]    30 |   void [01;36m[Kwrite_image[m[K(S data);
[6.205s]       |        [01;36m[K^~~~~~~~~~~[m[K
[6.205s] [01m[K/home/haolei/code/ros2bag_reading/src/include/bag_reading/bag_reading.hpp:20:7:[m[K [01;36m[Knote: [m[K‘[01m[Kclass PlaybackNode[m[K’ defined here
[6.205s]    20 | class [01;36m[KPlaybackNode[m[K : public rclcpp::Node
[6.205s]       |       [01;36m[K^~~~~~~~~~~~[m[K
[6.205s] [01m[K/home/haolei/code/ros2bag_reading/src/src/bag_reader.cpp:51:6:[m[K [01;31m[Kerror: [m[Kno declaration matches ‘[01m[Kvoid PlaybackNode::write_pointcloud(SP)[m[K’
[6.205s]    51 | void [01;31m[KPlaybackNode[m[K::write_pointcloud(SP ros_msg) {
[6.206s]       |      [01;31m[K^~~~~~~~~~~~[m[K
[6.206s] In file included from [01m[K/home/haolei/code/ros2bag_reading/src/src/bag_reader.cpp:1[m[K:
[6.206s] [01m[K/home/haolei/code/ros2bag_reading/src/include/bag_reading/bag_reading.hpp:32:8:[m[K [01;36m[Knote: [m[Kcandidate is: ‘[01m[Ktemplate<class S> void PlaybackNode::write_pointcloud(S)[m[K’
[6.206s]    32 |   void [01;36m[Kwrite_pointcloud[m[K(S data);
[6.206s]       |        [01;36m[K^~~~~~~~~~~~~~~~[m[K
[6.206s] [01m[K/home/haolei/code/ros2bag_reading/src/include/bag_reading/bag_reading.hpp:20:7:[m[K [01;36m[Knote: [m[K‘[01m[Kclass PlaybackNode[m[K’ defined here
[6.206s]    20 | class [01;36m[KPlaybackNode[m[K : public rclcpp::Node
[6.206s]       |       [01;36m[K^~~~~~~~~~~~[m[K
[7.264s] gmake[2]: *** [CMakeFiles/bag_reading_node.dir/build.make:76: CMakeFiles/bag_reading_node.dir/src/bag_reader.cpp.o] Error 1
[7.264s] gmake[1]: *** [CMakeFiles/Makefile2:137: CMakeFiles/bag_reading_node.dir/all] Error 2
[7.264s] gmake: *** [Makefile:146: all] Error 2
[7.266s] Invoked command in '/home/haolei/code/ros2bag_reading/build/bag_reading' returned '2': CMAKE_PREFIX_PATH=/opt/ros/humble CONDA_PROMPT_MODIFIER=(base) /usr/bin/cmake --build /home/haolei/code/ros2bag_reading/build/bag_reading -- -j8 -l8
