[01m[K/home/haolei/code/ros2bag_reading/src/src/bag_reader.cpp:[m[K In function ‘[01m[Kvoid save(rclcpp::SerializedMessage, std::string)[m[K’:
[01m[K/home/haolei/code/ros2bag_reading/src/src/bag_reader.cpp:43:16:[m[K [01;31m[Kerror: [m[K‘[01m[Kimage_sub_topic[m[K’ was not declared in this scope
   43 |   if (topic == [01;31m[Kimage_sub_topic[m[K) {
      |                [01;31m[K^~~~~~~~~~~~~~~[m[K
[01m[K/home/haolei/code/ros2bag_reading/src/src/bag_reader.cpp:46:9:[m[K [01;31m[Kerror: [m[K‘[01m[Kdebug[m[K’ was not declared in this scope
   46 |     if ([01;31m[Kdebug[m[K)
      |         [01;31m[K^~~~~[m[K
[01m[K/home/haolei/code/ros2bag_reading/src/src/bag_reader.cpp:48:45:[m[K [01;31m[Kerror: [m[K‘[01m[Kimage_output_path[m[K’ was not declared in this scope
   48 |       std::cout << "Ready write image: " << [01;31m[Kimage_output_path[m[K << "/" << stamp << ".png" << std::endl;
      |                                             [01;31m[K^~~~~~~~~~~~~~~~~[m[K
[01m[K/home/haolei/code/ros2bag_reading/src/src/bag_reader.cpp:52:17:[m[K [01;31m[Kerror: [m[K‘[01m[Kimage_output_path[m[K’ was not declared in this scope
   52 |     cv::imwrite([01;31m[Kimage_output_path[m[K+"/"+std::to_string(stamp)+".png", cv_image->image);
      |                 [01;31m[K^~~~~~~~~~~~~~~~~[m[K
[01m[K/home/haolei/code/ros2bag_reading/src/src/bag_reader.cpp:55:16:[m[K [01;31m[Kerror: [m[K‘[01m[Klidar_sub_topic[m[K’ was not declared in this scope
   55 |   if (topic == [01;31m[Klidar_sub_topic[m[K) {
      |                [01;31m[K^~~~~~~~~~~~~~~[m[K
[01m[K/home/haolei/code/ros2bag_reading/src/src/bag_reader.cpp:57:21:[m[K [01;31m[Kerror: [m[K‘[01m[Klidar[m[K’ was not declared in this scope
   57 |     pcl::fromROSMsg([01;31m[Klidar[m[K, *pc);
      |                     [01;31m[K^~~~~[m[K
[01m[K/home/haolei/code/ros2bag_reading/src/src/bag_reader.cpp:58:26:[m[K [01;31m[Kerror: [m[K‘[01m[Klidar_output_path[m[K’ was not declared in this scope
   58 |     pcl::io::savePCDFile([01;31m[Klidar_output_path[m[K+"/"+std::to_string(stamp)+".pcd", *pc);
      |                          [01;31m[K^~~~~~~~~~~~~~~~~[m[K
[01m[K/home/haolei/code/ros2bag_reading/src/src/bag_reader.cpp:59:9:[m[K [01;31m[Kerror: [m[K‘[01m[Kdebug[m[K’ was not declared in this scope
   59 |     if ([01;31m[Kdebug[m[K)
      |         [01;31m[K^~~~~[m[K
[01m[K/home/haolei/code/ros2bag_reading/src/src/bag_reader.cpp:[m[K In member function ‘[01m[Kvoid PlaybackNode::timer_callback()[m[K’:
[01m[K/home/haolei/code/ros2bag_reading/src/src/bag_reader.cpp:116:121:[m[K [01;31m[Kerror: [m[Kexpected ‘[01m[K;[m[K’ before ‘[01m[K}[m[K’ token
  116 |           save<sensor_msgs::msg::PointCloud2::SharedPtr, sensor_msgs::msg::PointCloud2>(serialized_msg, lidar_sub_topic)
      |                                                                                                                         [01;31m[K^[m[K
      |                                                                                                                         [32m[K;[m[K
  117 |         [32m[K}[m[K
      |         [32m[K~[m[K                                                                                                                
/home/haolei/code/ros2bag_reading/src/src/bag_reader.cpp: In instantiation of ‘[01m[Kvoid save(rclcpp::SerializedMessage, std::string) [with SP = std::shared_ptr<sensor_msgs::msg::PointCloud2_<std::allocator<void> > >; S = sensor_msgs::msg::PointCloud2_<std::allocator<void> >; std::string = std::__cxx11::basic_string<char>][m[K’:
[01m[K/home/haolei/code/ros2bag_reading/src/src/bag_reader.cpp:116:88:[m[K   required from here
[01m[K/home/haolei/code/ros2bag_reading/src/src/bag_reader.cpp:45:35:[m[K [01;31m[Kerror: [m[Kno matching function for call to ‘[01m[KtoCvCopy(sensor_msgs::msg::PointCloud2_<std::allocator<void> >&, const char [5])[m[K’
   45 |     cv_image = [01;31m[Kcv_bridge::toCvCopy(camera, sensor_msgs::image_encodings::BGR8)[m[K;
      |                [01;31m[K~~~~~~~~~~~~~~~~~~~^~~~~~~~~~~~~~~~~~~~~~~~~~~~~~~~~~~~~~~~~~~~[m[K
In file included from [01m[K/home/haolei/code/ros2bag_reading/src/include/bag_reading/bag_reading.hpp:12[m[K,
                 from [01m[K/home/haolei/code/ros2bag_reading/src/src/bag_reader.cpp:1[m[K:
[01m[K/opt/ros/humble/include/cv_bridge/cv_bridge/cv_bridge.h:177:29:[m[K [01;36m[Knote: [m[Kcandidate: ‘[01m[Kcv_bridge::CvImagePtr cv_bridge::toCvCopy(const ConstSharedPtr&, const string&)[m[K’
  177 | CV_BRIDGE_EXPORT CvImagePtr [01;36m[KtoCvCopy[m[K(
      |                             [01;36m[K^~~~~~~~[m[K
[01m[K/opt/ros/humble/include/cv_bridge/cv_bridge/cv_bridge.h:178:51:[m[K [01;36m[Knote: [m[K  no known conversion for argument 1 from ‘[01m[Ksensor_msgs::msg::PointCloud2_<std::allocator<void> >[m[K’ to ‘[01m[Kconst ConstSharedPtr&[m[K’ {aka ‘[01m[Kconst std::shared_ptr<const sensor_msgs::msg::Image_<std::allocator<void> > >&[m[K’}
  178 |   [01;36m[Kconst sensor_msgs::msg::Image::ConstSharedPtr & source[m[K,
      |   [01;36m[K~~~~~~~~~~~~~~~~~~~~~~~~~~~~~~~~~~~~~~~~~~~~~~~~^~~~~~[m[K
[01m[K/opt/ros/humble/include/cv_bridge/cv_bridge/cv_bridge.h:181:29:[m[K [01;36m[Knote: [m[Kcandidate: ‘[01m[Kcv_bridge::CvImagePtr cv_bridge::toCvCopy(const ConstSharedPtr&, const string&)[m[K’
  181 | CV_BRIDGE_EXPORT CvImagePtr [01;36m[KtoCvCopy[m[K(
      |                             [01;36m[K^~~~~~~~[m[K
[01m[K/opt/ros/humble/include/cv_bridge/cv_bridge/cv_bridge.h:182:61:[m[K [01;36m[Knote: [m[K  no known conversion for argument 1 from ‘[01m[Ksensor_msgs::msg::PointCloud2_<std::allocator<void> >[m[K’ to ‘[01m[Kconst ConstSharedPtr&[m[K’ {aka ‘[01m[Kconst std::shared_ptr<const sensor_msgs::msg::CompressedImage_<std::allocator<void> > >&[m[K’}
  182 |   [01;36m[Kconst sensor_msgs::msg::CompressedImage::ConstSharedPtr & source[m[K,
      |   [01;36m[K~~~~~~~~~~~~~~~~~~~~~~~~~~~~~~~~~~~~~~~~~~~~~~~~~~~~~~~~~~^~~~~~[m[K
[01m[K/opt/ros/humble/include/cv_bridge/cv_bridge/cv_bridge.h:204:29:[m[K [01;36m[Knote: [m[Kcandidate: ‘[01m[Kcv_bridge::CvImagePtr cv_bridge::toCvCopy(const Image&, const string&)[m[K’
  204 | CV_BRIDGE_EXPORT CvImagePtr [01;36m[KtoCvCopy[m[K(
      |                             [01;36m[K^~~~~~~~[m[K
[01m[K/opt/ros/humble/include/cv_bridge/cv_bridge/cv_bridge.h:205:35:[m[K [01;36m[Knote: [m[K  no known conversion for argument 1 from ‘[01m[Ksensor_msgs::msg::PointCloud2_<std::allocator<void> >[m[K’ to ‘[01m[Kconst Image&[m[K’ {aka ‘[01m[Kconst sensor_msgs::msg::Image_<std::allocator<void> >&[m[K’}
  205 |   [01;36m[Kconst sensor_msgs::msg::Image & source[m[K,
      |   [01;36m[K~~~~~~~~~~~~~~~~~~~~~~~~~~~~~~~~^~~~~~[m[K
[01m[K/opt/ros/humble/include/cv_bridge/cv_bridge/cv_bridge.h:208:29:[m[K [01;36m[Knote: [m[Kcandidate: ‘[01m[Kcv_bridge::CvImagePtr cv_bridge::toCvCopy(const CompressedImage&, const string&)[m[K’
  208 | CV_BRIDGE_EXPORT CvImagePtr [01;36m[KtoCvCopy[m[K(
      |                             [01;36m[K^~~~~~~~[m[K
[01m[K/opt/ros/humble/include/cv_bridge/cv_bridge/cv_bridge.h:209:45:[m[K [01;36m[Knote: [m[K  no known conversion for argument 1 from ‘[01m[Ksensor_msgs::msg::PointCloud2_<std::allocator<void> >[m[K’ to ‘[01m[Kconst CompressedImage&[m[K’ {aka ‘[01m[Kconst sensor_msgs::msg::CompressedImage_<std::allocator<void> >&[m[K’}
  209 |   [01;36m[Kconst sensor_msgs::msg::CompressedImage & source[m[K,
      |   [01;36m[K~~~~~~~~~~~~~~~~~~~~~~~~~~~~~~~~~~~~~~~~~~^~~~~~[m[K
gmake[2]: *** [CMakeFiles/bag_reading_node.dir/build.make:76: CMakeFiles/bag_reading_node.dir/src/bag_reader.cpp.o] Error 1
gmake[1]: *** [CMakeFiles/Makefile2:137: CMakeFiles/bag_reading_node.dir/all] Error 2
gmake: *** [Makefile:146: all] Error 2
