/home/haolei/code/ros2bag_reading/src/src/bag_reader.cpp: In instantiation of ‘[01m[Kvoid PlaybackNode::save(rclcpp::SerializedMessage, std::string) [with SP = std::shared_ptr<sensor_msgs::msg::PointCloud2_<std::allocator<void> > >; S = sensor_msgs::msg::PointCloud2_<std::allocator<void> >; std::string = std::__cxx11::basic_string<char>][m[K’:
[01m[K/home/haolei/code/ros2bag_reading/src/src/bag_reader.cpp:122:88:[m[K   required from here
[01m[K/home/haolei/code/ros2bag_reading/src/src/bag_reader.cpp:69:17:[m[K [01;31m[Kerror: [m[Kno matching function for call to ‘[01m[Ksensor_msgs::msg::Image_<std::allocator<void> >::Image_(sensor_msgs::msg::PointCloud2_<std::allocator<void> >&)[m[K’
   69 |     write_image([01;31m[K(sensor_msgs::msg::Image)data[m[K, stamp);
      |                 [01;31m[K^~~~~~~~~~~~~~~~~~~~~~~~~~~~~[m[K
In file included from [01m[K/opt/ros/humble/include/sensor_msgs/sensor_msgs/msg/image.hpp:7[m[K,
                 from [01m[K/home/haolei/code/ros2bag_reading/src/include/bag_reading/bag_reading.hpp:8[m[K,
                 from [01m[K/home/haolei/code/ros2bag_reading/src/src/bag_reader.cpp:1[m[K:
[01m[K/opt/ros/humble/include/sensor_msgs/sensor_msgs/msg/detail/image__struct.hpp:54:12:[m[K [01;36m[Knote: [m[Kcandidate: ‘[01m[Ksensor_msgs::msg::Image_<ContainerAllocator>::Image_(const ContainerAllocator&, rosidl_runtime_cpp::MessageInitialization) [with ContainerAllocator = std::allocator<void>][m[K’
   54 |   explicit [01;36m[KImage_[m[K(const ContainerAllocator & _alloc, rosidl_runtime_cpp::MessageInitialization _init = rosidl_runtime_cpp::MessageInitialization::ALL)
      |            [01;36m[K^~~~~~[m[K
[01m[K/opt/ros/humble/include/sensor_msgs/sensor_msgs/msg/detail/image__struct.hpp:54:46:[m[K [01;36m[Knote: [m[K  no known conversion for argument 1 from ‘[01m[Ksensor_msgs::msg::PointCloud2_<std::allocator<void> >[m[K’ to ‘[01m[Kconst std::allocator<void>&[m[K’
   54 |   explicit Image_([01;36m[Kconst ContainerAllocator & _alloc[m[K, rosidl_runtime_cpp::MessageInitialization _init = rosidl_runtime_cpp::MessageInitialization::ALL)
      |                   [01;36m[K~~~~~~~~~~~~~~~~~~~~~~~~~~~^~~~~~[m[K
[01m[K/opt/ros/humble/include/sensor_msgs/sensor_msgs/msg/detail/image__struct.hpp:40:12:[m[K [01;36m[Knote: [m[Kcandidate: ‘[01m[Ksensor_msgs::msg::Image_<ContainerAllocator>::Image_(rosidl_runtime_cpp::MessageInitialization) [with ContainerAllocator = std::allocator<void>][m[K’
   40 |   explicit [01;36m[KImage_[m[K(rosidl_runtime_cpp::MessageInitialization _init = rosidl_runtime_cpp::MessageInitialization::ALL)
      |            [01;36m[K^~~~~~[m[K
[01m[K/opt/ros/humble/include/sensor_msgs/sensor_msgs/msg/detail/image__struct.hpp:40:61:[m[K [01;36m[Knote: [m[K  no known conversion for argument 1 from ‘[01m[Ksensor_msgs::msg::PointCloud2_<std::allocator<void> >[m[K’ to ‘[01m[Krosidl_runtime_cpp::MessageInitialization[m[K’
   40 |   explicit Image_([01;36m[Krosidl_runtime_cpp::MessageInitialization _init = rosidl_runtime_cpp::MessageInitialization::ALL[m[K)
      |                   [01;36m[K~~~~~~~~~~~~~~~~~~~~~~~~~~~~~~~~~~~~~~~~~~^~~~~~~~~~~~~~~~~~~~~~~~~~~~~~~~~~~~~~~~~~~~~~~~~~~~~~[m[K
[01m[K/opt/ros/humble/include/sensor_msgs/sensor_msgs/msg/detail/image__struct.hpp:36:8:[m[K [01;36m[Knote: [m[Kcandidate: ‘[01m[Ksensor_msgs::msg::Image_<std::allocator<void> >::Image_(const sensor_msgs::msg::Image_<std::allocator<void> >&)[m[K’
   36 | struct [01;36m[KImage_[m[K
      |        [01;36m[K^~~~~~[m[K
[01m[K/opt/ros/humble/include/sensor_msgs/sensor_msgs/msg/detail/image__struct.hpp:36:8:[m[K [01;36m[Knote: [m[K  no known conversion for argument 1 from ‘[01m[Ksensor_msgs::msg::PointCloud2_<std::allocator<void> >[m[K’ to ‘[01m[Kconst sensor_msgs::msg::Image_<std::allocator<void> >&[m[K’
[01m[K/opt/ros/humble/include/sensor_msgs/sensor_msgs/msg/detail/image__struct.hpp:36:8:[m[K [01;36m[Knote: [m[Kcandidate: ‘[01m[Ksensor_msgs::msg::Image_<std::allocator<void> >::Image_(sensor_msgs::msg::Image_<std::allocator<void> >&&)[m[K’
[01m[K/opt/ros/humble/include/sensor_msgs/sensor_msgs/msg/detail/image__struct.hpp:36:8:[m[K [01;36m[Knote: [m[K  no known conversion for argument 1 from ‘[01m[Ksensor_msgs::msg::PointCloud2_<std::allocator<void> >[m[K’ to ‘[01m[Ksensor_msgs::msg::Image_<std::allocator<void> >&&[m[K’
/home/haolei/code/ros2bag_reading/src/src/bag_reader.cpp: In instantiation of ‘[01m[Kvoid PlaybackNode::write_pointcloud(S, double) [with S = sensor_msgs::msg::Image_<std::allocator<void> >][m[K’:
[01m[K/home/haolei/code/ros2bag_reading/src/src/bag_reader.cpp:72:21:[m[K   required from ‘[01m[Kvoid PlaybackNode::save(rclcpp::SerializedMessage, std::string) [with SP = std::shared_ptr<sensor_msgs::msg::Image_<std::allocator<void> > >; S = sensor_msgs::msg::Image_<std::allocator<void> >; std::string = std::__cxx11::basic_string<char>][m[K’
[01m[K/home/haolei/code/ros2bag_reading/src/src/bag_reader.cpp:117:76:[m[K   required from here
[01m[K/home/haolei/code/ros2bag_reading/src/src/bag_reader.cpp:51:18:[m[K [01;31m[Kerror: [m[Kno matching function for call to ‘[01m[KfromROSMsg(sensor_msgs::msg::Image_<std::allocator<void> >&, std::__shared_ptr_access<pcl::PointCloud<pcl::PointXYZI>, __gnu_cxx::_S_atomic, false, false>::element_type&)[m[K’
   51 |   [01;31m[Kpcl::fromROSMsg(data, *pc)[m[K;
      |   [01;31m[K~~~~~~~~~~~~~~~^~~~~~~~~~~[m[K
In file included from [01m[K/home/haolei/code/ros2bag_reading/src/include/bag_reading/bag_reading.hpp:11[m[K,
                 from [01m[K/home/haolei/code/ros2bag_reading/src/src/bag_reader.cpp:1[m[K:
[01m[K/opt/ros/humble/include/pcl_conversions/pcl_conversions/pcl_conversions.h:568:8:[m[K [01;36m[Knote: [m[Kcandidate: ‘[01m[Ktemplate<class T> void pcl::fromROSMsg(const PointCloud2&, pcl::PointCloud<PointT>&)[m[K’
  568 |   void [01;36m[KfromROSMsg[m[K(const sensor_msgs::msg::PointCloud2 &cloud, pcl::PointCloud<T> &pcl_cloud)
      |        [01;36m[K^~~~~~~~~~[m[K
[01m[K/opt/ros/humble/include/pcl_conversions/pcl_conversions/pcl_conversions.h:568:8:[m[K [01;36m[Knote: [m[K  template argument deduction/substitution failed:
[01m[K/home/haolei/code/ros2bag_reading/src/src/bag_reader.cpp:51:19:[m[K [01;36m[Knote: [m[K  cannot convert ‘[01m[Kdata[m[K’ (type ‘[01m[Ksensor_msgs::msg::Image_<std::allocator<void> >[m[K’) to type ‘[01m[Kconst PointCloud2&[m[K’ {aka ‘[01m[Kconst sensor_msgs::msg::PointCloud2_<std::allocator<void> >&[m[K’}
   51 |   pcl::fromROSMsg([01;36m[Kdata[m[K, *pc);
      |                   [01;36m[K^~~~[m[K
gmake[2]: *** [CMakeFiles/bag_reading_node.dir/build.make:76: CMakeFiles/bag_reading_node.dir/src/bag_reader.cpp.o] Error 1
gmake[1]: *** [CMakeFiles/Makefile2:137: CMakeFiles/bag_reading_node.dir/all] Error 2
gmake: *** [Makefile:146: all] Error 2
